INFO-FLOW: Workspace D:/Year3/Hardware_design_for_Deep_Learning/Final_Project/final/solution1 opened at Thu Dec 12 17:25:00 +0700 2024
Execute     config_clock -quiet -name default -period 10 -default=false 
INFO: [SYN 201-201] Setting up clock 'default' with a period of 10ns.
Execute     open_platform DefaultPlatform 
Execute     import_lib D:/Year3/Vivado/2018.3/common/technology/xilinx/zynq/zynq 
Execute       source D:/Year3/Vivado/2018.3/common/technology/xilinx/common/xilinx.lib 
Execute         source D:/Year3/Vivado/2018.3/common/technology/xilinx/interface/xilinx_interface.lib 
Execute           source D:/Year3/Vivado/2018.3/common/technology/xilinx/interface/plb46.lib 
Execute           source D:/Year3/Vivado/2018.3/common/technology/xilinx/interface/fsl.lib 
Execute           source D:/Year3/Vivado/2018.3/common/technology/xilinx/interface/axi4.lib 
Execute           source D:/Year3/Vivado/2018.3/common/technology/xilinx/interface/maxi.lib 
Execute           source D:/Year3/Vivado/2018.3/common/technology/xilinx/interface/saxilite.lib 
Execute         source D:/Year3/Vivado/2018.3/common/technology/xilinx/common/dsp48.lib 
Execute         source D:/Year3/Vivado/2018.3/common/technology/xilinx/ip/dds_compiler.lib 
Execute         source D:/Year3/Vivado/2018.3/common/technology/xilinx/ip/xfft.lib 
Execute         source D:/Year3/Vivado/2018.3/common/technology/xilinx/ip/xfir.lib 
Execute       source D:/Year3/Vivado/2018.3/common/technology/xilinx/common/xilinx_old.lib 
Execute       source D:/Year3/Vivado/2018.3/common/technology/xilinx/common/xilinx_vivado.lib 
Execute       source D:/Year3/Vivado/2018.3/common/technology/xilinx/common/xilinx.hlp 
Execute         source D:/Year3/Vivado/2018.3/common/technology/xilinx/common/target_info.tcl 
Execute         source D:/Year3/Vivado/2018.3/common/technology/xilinx/interface/xilinx_interface.hlp 
Execute           source D:/Year3/Vivado/2018.3/common/technology/xilinx/interface/maxi.hlp 
Execute           source D:/Year3/Vivado/2018.3/common/technology/xilinx/interface/saxilite.hlp 
Execute         source D:/Year3/Vivado/2018.3/common/technology/xilinx/common/dsp48.hlp 
Execute       source D:/Year3/Vivado/2018.3/common/technology/xilinx/zynq/dsp48e1.hlp 
Execute       get_default_platform 
Execute       config_chip_info -quiet -resource  {SLICE 13300}  {LUT 53200}     {FF 106400} {DSP48E 220}   {BRAM 280}  
Execute       config_chip_info -quiet -speed medium 
Execute       source D:/Year3/Vivado/2018.3/common/technology/xilinx/common/xilinx.hlp 
Execute         source D:/Year3/Vivado/2018.3/common/technology/xilinx/common/target_info.tcl 
Execute         source D:/Year3/Vivado/2018.3/common/technology/xilinx/interface/xilinx_interface.hlp 
Execute           source D:/Year3/Vivado/2018.3/common/technology/xilinx/interface/maxi.hlp 
Execute           source D:/Year3/Vivado/2018.3/common/technology/xilinx/interface/saxilite.hlp 
Execute         source D:/Year3/Vivado/2018.3/common/technology/xilinx/common/dsp48.hlp 
Execute     source D:/Year3/Vivado/2018.3/common/technology/xilinx/zynq/zynq.gen 
Execute       source D:/Year3/Vivado/2018.3/common/technology/xilinx/common/virtex.gen 
Execute         source D:/Year3/Vivado/2018.3/common/technology/xilinx/common/xilinx.gen 
Execute           source D:/Year3/Vivado/2018.3/common/technology/xilinx/interface/plb46.gen 
Execute           source D:/Year3/Vivado/2018.3/common/technology/xilinx/interface/fsl.gen 
Execute           source D:/Year3/Vivado/2018.3/common/technology/xilinx/interface/axi4.gen 
Execute           source D:/Year3/Vivado/2018.3/common/technology/xilinx/interface/nativeAXI4.gen 
Execute             source D:/Year3/Vivado/2018.3/common/technology/xilinx/interface/saxilite.gen 
Execute             source D:/Year3/Vivado/2018.3/common/technology/xilinx/interface/maxi.gen 
Execute           source D:/Year3/Vivado/2018.3/common/technology/xilinx/scripts/xilinxcoregen.gen 
Execute           source D:/Year3/Vivado/2018.3/common/technology/xilinx/interface/XilEDKCoreGen.gen 
Execute           source D:/Year3/Vivado/2018.3/common/technology/xilinx/ip/dds_compiler.gen 
Execute           source D:/Year3/Vivado/2018.3/common/technology/xilinx/ip/util.gen 
Execute           source D:/Year3/Vivado/2018.3/common/technology/xilinx/ip/xfft.gen 
Execute           source D:/Year3/Vivado/2018.3/common/technology/xilinx/ip/xfir.gen 
Execute         source D:/Year3/Vivado/2018.3/common/technology/xilinx/common/dsp48.gen 
Command     ap_source done; 0.101 sec.
Execute     open_platform DefaultPlatform 
Execute     import_lib D:/Year3/Vivado/2018.3/common/technology/xilinx/zynq/zynq_fpv6 
Execute       source D:/Year3/Vivado/2018.3/common/technology/xilinx/common/xilinx_fpv7.lib 
Execute         source D:/Year3/Vivado/2018.3/common/technology/xilinx/common/xilinx_hp.lib 
Execute       source D:/Year3/Vivado/2018.3/common/technology/xilinx/common/xilinx_fpv.hlp 
Execute         source D:/Year3/Vivado/2018.3/common/technology/xilinx/common/xilinx.hlp 
Execute           source D:/Year3/Vivado/2018.3/common/technology/xilinx/common/target_info.tcl 
Execute           source D:/Year3/Vivado/2018.3/common/technology/xilinx/interface/xilinx_interface.hlp 
Execute             source D:/Year3/Vivado/2018.3/common/technology/xilinx/interface/maxi.hlp 
Execute             source D:/Year3/Vivado/2018.3/common/technology/xilinx/interface/saxilite.hlp 
Execute           source D:/Year3/Vivado/2018.3/common/technology/xilinx/common/dsp48.hlp 
Execute       source D:/Year3/Vivado/2018.3/common/technology/xilinx/zynq/zynq_hp.hlp 
Execute     source D:/Year3/Vivado/2018.3/common/technology/xilinx/zynq/zynq_fpv6.gen 
Execute       source D:/Year3/Vivado/2018.3/common/technology/xilinx/common/xilinx_fpv6.gen 
Execute     set_part xc7z020clg484-1 
Execute       add_library xilinx/zynq/zynq:xc7z020:clg484:-1 
Execute         get_default_platform 
Execute         license_isbetapart xc7z020 
Command         license_isbetapart done; error code: 1; 
Execute         get_default_platform 
Execute         config_chip_info -quiet -resource  {SLICE 13300}  {LUT 53200}     {FF 106400} {DSP48E 220}   {BRAM 280}  
Execute         config_chip_info -quiet -speed slow 
Execute       add_library xilinx/zynq/zynq_fpv6 
Execute         get_default_platform 
INFO: [HLS 200-10] Setting target device to 'xc7z020clg484-1'
Execute       get_default_platform 
Execute     get_default_platform 
Execute     config_chip_info -quiet -resource  {SLICE 13300}  {LUT 53200}     {FF 106400} {DSP48E 220}   {BRAM 280}  
Execute     config_chip_info -quiet -speed slow 
Command   open_solution done; 0.234 sec.
Execute   set_part xc7z020clg484-1 -tool vivado 
Execute     add_library xilinx/zynq/zynq:xc7z020:clg484:-1 
Execute       get_default_platform 
Execute       license_isbetapart xc7z020 
Command       license_isbetapart done; error code: 1; 
Execute       get_default_platform 
Execute       config_chip_info -quiet -resource  {SLICE 13300}  {LUT 53200}     {FF 106400} {DSP48E 220}   {BRAM 280}  
Execute       config_chip_info -quiet -speed slow 
Execute     add_library xilinx/zynq/zynq_fpv6 
Execute       get_default_platform 
Execute     get_default_platform 
Execute   create_clock -period 10 -name default 
Execute     config_clock -quiet -name default -period 10 -default=false 
INFO: [SYN 201-201] Setting up clock 'default' with a period of 10ns.
Execute   csynth_design 
Execute     get_config_compile -effort 
Execute     get_config_compile -enable_clang39 
Execute     get_config_compile -g 
Execute     get_config_compile -lm 
Execute     get_config_compile -ng 
Execute     get_config_compile -opt_fp 
Execute     get_config_compile -skip_cdt 
Execute     get_config_compile -skip_syncheck 
Execute     get_config_compile -skip_transform 
Execute     config_compile -blackbox  
Execute     get_config_compile -keep_printf 
Execute     elaborate -effort=medium -skip_syncheck=0 -keep_printf=0 -lm=0 -skip_cdt=0 -skip_transform=0 -ng=0 -g=0 -opt_fp=0 -from_csynth_design=1 
Execute       get_config_schedule -relax_ii_for_timing 
INFO: [SCHED 204-61] Option 'relax_ii_for_timing' is enabled, will increase II to preserve clock frequency constraints.
Execute       get_config_schedule -suppress_dependence_error_break 
INFO: [HLS 200-10] Analyzing design file 'final/core_base.cpp' ... 
INFO-FLOW: Compiling one TU...
Execute       is_m_axi_addr64 
INFO-FLOW: Handling final/core_base.cpp as C++
Execute       get_default_platform 
Execute       is_encrypted final/core_base.cpp 
Execute       get_default_platform 
INFO-FLOW: Running: GCC PP
INFO-FLOW: Source preprocessing
Execute       clang  -fno-limit-debug-info -gcc-toolchain "D:/Year3/Vivado/2018.3/msys" -hls  -fno-exceptions  -D__llvm__  -E "final/core_base.cpp"     -fno-math-errno -c -emit-llvm -O0  -mllvm -disable-llvm-optzns -fno-threadsafe-statics  -fno-use-cxa-atexit  -fno-threadsafe-statics -fno-use-cxa-atexit -D__CLANG_3_1__ -D__cdecl= -DAESL_SYN -D__SYNTHESIS__ -D__HLS_SYN__ -I "D:/Year3/Vivado/2018.3/common/technology/autopilot" -I "D:/Year3/Vivado/2018.3/common/technology/autopilot/ap_sysc" -include etc/autopilot_ssdm_op.h -D__DSP48E1__  -o "D:/Year3/Hardware_design_for_Deep_Learning/Final_Project/final/solution1/.autopilot/db/core_base.pp.0.cpp" 
INFO-FLOW: exec D:/Year3/Vivado/2018.3/win64/tools/clang/bin/clang -fno-limit-debug-info -gcc-toolchain D:/Year3/Vivado/2018.3/msys -hls -fno-exceptions -D__llvm__ -E final/core_base.cpp -fno-math-errno -c -emit-llvm -O0 -mllvm -disable-llvm-optzns -fno-threadsafe-statics -fno-use-cxa-atexit -fno-threadsafe-statics -fno-use-cxa-atexit -D__CLANG_3_1__ -D__cdecl= -DAESL_SYN -D__SYNTHESIS__ -D__HLS_SYN__ -I D:/Year3/Vivado/2018.3/common/technology/autopilot -I D:/Year3/Vivado/2018.3/common/technology/autopilot/ap_sysc -include etc/autopilot_ssdm_op.h -D__DSP48E1__ -o D:/Year3/Hardware_design_for_Deep_Learning/Final_Project/final/solution1/.autopilot/db/core_base.pp.0.cpp
Command       clang done; 1.537 sec.
Execute       tidy_31 xilinx-xfmat-array-geometry D:/Year3/Hardware_design_for_Deep_Learning/Final_Project/final/solution1/.autopilot/db/core_base.pp.0.cpp std=gnu++98 
INFO-FLOW: exec D:/Year3/Vivado/2018.3/win64/tools/clang-3.9-csynth/bin/tidy-3.1 -header-filter=.* -checks=-*,xilinx-xfmat-array-geometry -quiet -fix D:/Year3/Hardware_design_for_Deep_Learning/Final_Project/final/solution1/.autopilot/db/core_base.pp.0.cpp -- -std=gnu++98 -fhls -ferror-limit=0
Command       tidy_31 done; 0.646 sec.
INFO-FLOW: Syntax Checking before pre-processing...
Execute       clang -syntaxcheck -src D:/Year3/Hardware_design_for_Deep_Learning/Final_Project/final/solution1/.autopilot/db/core_base.pp.0.cpp  -fno-limit-debug-info -gcc-toolchain "D:/Year3/Vivado/2018.3/msys" -hls    -fno-math-errno -c -emit-llvm -O0  -mllvm -disable-llvm-optzns -fno-threadsafe-statics  -fno-use-cxa-atexit  -fno-threadsafe-statics -fno-use-cxa-atexit -D__CLANG_3_1__ -D__cdecl= -DAESL_SYN -D__SYNTHESIS__ -D__HLS_SYN__ -I "D:/Year3/Vivado/2018.3/common/technology/autopilot" -I "D:/Year3/Vivado/2018.3/common/technology/autopilot/ap_sysc" -include etc/autopilot_ssdm_op.h -D__DSP48E1__  "D:/Year3/Hardware_design_for_Deep_Learning/Final_Project/final/solution1/.autopilot/db/core_base.pp.0.cpp"  -o "D:/Year3/Hardware_design_for_Deep_Learning/Final_Project/final/solution1/.autopilot/db/useless.bc"  
INFO-FLOW: exec D:/Year3/Vivado/2018.3/win64/tools/clang/bin/clang -fno-limit-debug-info -gcc-toolchain D:/Year3/Vivado/2018.3/msys -hls -fno-math-errno -c -emit-llvm -O0 -mllvm -disable-llvm-optzns -fno-threadsafe-statics -fno-use-cxa-atexit -fno-threadsafe-statics -fno-use-cxa-atexit -D__CLANG_3_1__ -D__cdecl= -DAESL_SYN -D__SYNTHESIS__ -D__HLS_SYN__ -I D:/Year3/Vivado/2018.3/common/technology/autopilot -I D:/Year3/Vivado/2018.3/common/technology/autopilot/ap_sysc -include etc/autopilot_ssdm_op.h -D__DSP48E1__ D:/Year3/Hardware_design_for_Deep_Learning/Final_Project/final/solution1/.autopilot/db/core_base.pp.0.cpp -o D:/Year3/Hardware_design_for_Deep_Learning/Final_Project/final/solution1/.autopilot/db/useless.bc
Command       clang done; 2.397 sec.
INFO-FLOW: Done: GCC PP time: 4.6 seconds per iteration
Execute       list_core -type functional_unit 
Execute       tidy_31 xilinx-systemc-detector D:/Year3/Hardware_design_for_Deep_Learning/Final_Project/final/solution1/.autopilot/db/core_base.pp.0.cpp std=gnu++98 -directive=D:/Year3/Hardware_design_for_Deep_Learning/Final_Project/final/solution1/.autopilot/db/.systemc_flag 
INFO-FLOW: exec D:/Year3/Vivado/2018.3/win64/tools/clang-3.9-csynth/bin/tidy-3.1 -header-filter=.* -checks=-*,xilinx-systemc-detector -import-directive=D:/Year3/Hardware_design_for_Deep_Learning/Final_Project/final/solution1/.autopilot/db/.systemc_flag -quiet -fix-errors D:/Year3/Hardware_design_for_Deep_Learning/Final_Project/final/solution1/.autopilot/db/core_base.pp.0.cpp -- -std=gnu++98 -fhls -ferror-limit=0
Command       tidy_31 done; 0.52 sec.
INFO-FLOW: Running: tidy-3.1 CDT preprocess
Execute       tidy_31 xilinx-directive2pragma D:/Year3/Hardware_design_for_Deep_Learning/Final_Project/final/solution1/.autopilot/db/core_base.pp.0.cpp std=gnu++98 -directive=D:/Year3/Hardware_design_for_Deep_Learning/Final_Project/final/solution1/.autopilot/db/all.directive.json 
INFO-FLOW: exec D:/Year3/Vivado/2018.3/win64/tools/clang-3.9-csynth/bin/tidy-3.1 -header-filter=.* -checks=-*,xilinx-directive2pragma -import-directive=D:/Year3/Hardware_design_for_Deep_Learning/Final_Project/final/solution1/.autopilot/db/all.directive.json -quiet -fix-errors D:/Year3/Hardware_design_for_Deep_Learning/Final_Project/final/solution1/.autopilot/db/core_base.pp.0.cpp -- -std=gnu++98 -fhls -ferror-limit=0
Command       tidy_31 done; 0.513 sec.
Execute       get_config_dataflow -strict_mode 
Execute       ap_eval exec -ignorestderr D:/Year3/Vivado/2018.3/win64/tools/clang-3.9-csynth/bin/xilinx-dataflow-lawyer -export-fixes=D:/Year3/Hardware_design_for_Deep_Learning/Final_Project/final/solution1/.autopilot/db/xilinx-dataflow-lawyer.core_base.pp.0.cpp.diag.yml D:/Year3/Hardware_design_for_Deep_Learning/Final_Project/final/solution1/.autopilot/db/core_base.pp.0.cpp -- -std=gnu++98 -fhls -ferror-limit=0 -fstrict-dataflow > D:/Year3/Hardware_design_for_Deep_Learning/Final_Project/final/solution1/.autopilot/db/xilinx-dataflow-lawyer.core_base.pp.0.cpp.out.log 2> D:/Year3/Hardware_design_for_Deep_Learning/Final_Project/final/solution1/.autopilot/db/xilinx-dataflow-lawyer.core_base.pp.0.cpp.err.log 
Command       ap_eval done; 0.589 sec.
Execute       tidy_31 -errorcheck xilinx-constantarray-param,xilinx-resource-pragma-transformer,xilinx-xfmat-array-geometry D:/Year3/Hardware_design_for_Deep_Learning/Final_Project/final/solution1/.autopilot/db/core_base.pp.0.cpp std=gnu++98 
Execute         ap_eval exec -ignorestderr D:/Year3/Vivado/2018.3/win64/tools/clang-3.9-csynth/bin/tidy-3.1 -export-fixes=D:/Year3/Hardware_design_for_Deep_Learning/Final_Project/final/solution1/.autopilot/db/tidy-3.1.core_base.pp.0.cpp.diag.yml -header-filter=.* -checks=-*,xilinx-constantarray-param,xilinx-resource-pragma-transformer,xilinx-xfmat-array-geometry -quiet -fix-errors D:/Year3/Hardware_design_for_Deep_Learning/Final_Project/final/solution1/.autopilot/db/core_base.pp.0.cpp -- -std=gnu++98 -fhls -ferror-limit=0 > D:/Year3/Hardware_design_for_Deep_Learning/Final_Project/final/solution1/.autopilot/db/tidy-3.1.core_base.pp.0.cpp.out.log 2> D:/Year3/Hardware_design_for_Deep_Learning/Final_Project/final/solution1/.autopilot/db/tidy-3.1.core_base.pp.0.cpp.err.log 
Command         ap_eval done; 1.153 sec.
Execute         ap_eval exec -ignorestderr D:/Year3/Vivado/2018.3/win64/tools/clang-3.9-csynth/bin/xilinx-legacy-rewriter D:/Year3/Hardware_design_for_Deep_Learning/Final_Project/final/solution1/.autopilot/db/core_base.pp.0.cpp -- -std=gnu++98 -fhls -ferror-limit=0 > D:/Year3/Hardware_design_for_Deep_Learning/Final_Project/final/solution1/.autopilot/db/xilinx-legacy-rewriter.core_base.pp.0.cpp.out.log 2> D:/Year3/Hardware_design_for_Deep_Learning/Final_Project/final/solution1/.autopilot/db/xilinx-legacy-rewriter.core_base.pp.0.cpp.err.log 
Command         ap_eval done; 0.602 sec.
Command       tidy_31 done; 1.766 sec.
INFO-FLOW: Done: tidy-3.1 CDT preprocess time: 2.9 seconds per iteration
INFO-FLOW: Pragma Handling...
Execute       tidy_31 xilinx-ssdm-intrinsics-arguments D:/Year3/Hardware_design_for_Deep_Learning/Final_Project/final/solution1/.autopilot/db/core_base.pragma.1.cpp std=gnu++98 
INFO-FLOW: exec D:/Year3/Vivado/2018.3/win64/tools/clang-3.9-csynth/bin/tidy-3.1 -header-filter=.* -checks=-*,xilinx-ssdm-intrinsics-arguments -quiet -fix-errors D:/Year3/Hardware_design_for_Deep_Learning/Final_Project/final/solution1/.autopilot/db/core_base.pragma.1.cpp -- -std=gnu++98 -fhls -ferror-limit=0
Command       tidy_31 done; 0.638 sec.
Execute       get_default_platform 
INFO-FLOW: Processing labels
Execute       clang -src D:/Year3/Hardware_design_for_Deep_Learning/Final_Project/final/solution1/.autopilot/db/core_base.pragma.2.cpp  -fno-limit-debug-info -gcc-toolchain D:/Year3/Vivado/2018.3/msys -hls -hls-analyze-label -hls-analyze-pragma -fno-exceptions  -D__llvm__  -w  "D:/Year3/Hardware_design_for_Deep_Learning/Final_Project/final/solution1/.autopilot/db/core_base.pragma.2.cpp"    -fno-math-errno -c -emit-llvm -O0  -mllvm -disable-llvm-optzns -fno-threadsafe-statics  -fno-use-cxa-atexit -DAESL_SYN -D__SYNTHESIS__ -D__HLS_SYN__ -I "D:/Year3/Vivado/2018.3/common/technology/autopilot" -I "D:/Year3/Vivado/2018.3/common/technology/autopilot/ap_sysc" -include etc/autopilot_ssdm_op.h -D__DSP48E1__ -g -o "D:/Year3/Hardware_design_for_Deep_Learning/Final_Project/final/solution1/.autopilot/db/core_base.bc" 
INFO-FLOW: exec D:/Year3/Vivado/2018.3/win64/tools/clang/bin/clang -fno-limit-debug-info -gcc-toolchain D:/Year3/Vivado/2018.3/msys -hls -hls-analyze-label -hls-analyze-pragma -fno-exceptions -D__llvm__ -w D:/Year3/Hardware_design_for_Deep_Learning/Final_Project/final/solution1/.autopilot/db/core_base.pragma.2.cpp -fno-math-errno -c -emit-llvm -O0 -mllvm -disable-llvm-optzns -fno-threadsafe-statics -fno-use-cxa-atexit -DAESL_SYN -D__SYNTHESIS__ -D__HLS_SYN__ -I D:/Year3/Vivado/2018.3/common/technology/autopilot -I D:/Year3/Vivado/2018.3/common/technology/autopilot/ap_sysc -include etc/autopilot_ssdm_op.h -D__DSP48E1__ -g -o D:/Year3/Hardware_design_for_Deep_Learning/Final_Project/final/solution1/.autopilot/db/core_base.bc
Command       clang done; 2.246 sec.
INFO-FLOW: Linking Debug ...
Execute       llvm-ld D:/Year3/Hardware_design_for_Deep_Learning/Final_Project/final/solution1/.autopilot/db/core_base.g.bc -hls-opt -except-internalize processImage -LD:/Year3/Vivado/2018.3/win64/lib -lhlsm -lhlsmc++ -o D:/Year3/Hardware_design_for_Deep_Learning/Final_Project/final/solution1/.autopilot/db/a.g 
Command       llvm-ld done; 2.331 sec.
INFO: [HLS 200-111] Finished Linking Time (s): cpu = 00:00:01 ; elapsed = 00:00:14 . Memory (MB): peak = 103.027 ; gain = 32.148
INFO: [HLS 200-111] Finished Checking Pragmas Time (s): cpu = 00:00:01 ; elapsed = 00:00:14 . Memory (MB): peak = 103.027 ; gain = 32.148
Execute       get_config_sdx -target 
Execute       opt_and_import_c a -opt_level=2 -skip_syncheck=0 -ng=0 -keep_printf=0 
Execute         cleanup_all_models 
INFO: [HLS 200-10] Starting code transformations ...
Execute         transform -promote-dbg-pointer D:/Year3/Hardware_design_for_Deep_Learning/Final_Project/final/solution1/.autopilot/db/a.pp.bc -o D:/Year3/Hardware_design_for_Deep_Learning/Final_Project/final/solution1/.autopilot/db/a.pp.0.bc -f 
Command         transform done; 0.155 sec.
Execute         llvm-ld D:/Year3/Hardware_design_for_Deep_Learning/Final_Project/final/solution1/.autopilot/db/a.pp.0.bc -disable-opt -LD:/Year3/Vivado/2018.3/win64/lib -lfloatconversion -o D:/Year3/Hardware_design_for_Deep_Learning/Final_Project/final/solution1/.autopilot/db/a.g.0 
Command         llvm-ld done; 0.63 sec.
INFO-FLOW: Running Standard Transforms...
Execute         transform -hls -share-std-xform -demangle-name -inline-byval-memcpy -always-inline -promote-dbg-pointer -interface-preproc -mem2reg -lower-blackbox -scalarrepl -mem2reg -keep-read-access -instcombine -dce -promote-dbg-pointer -bitop-raise -loop-simplify -indvarspre -indvars -loop-simplify -xunroll -constprop -instcombine -simplifycfg -indvars -simplifycfg -dce -globaldce -basicaa -simplifycfg -mem2reg -globalopt -global-constprop -deadargelim -instcombine -simplifycfg -prune-eh -simplifycfg -scalarrepl -instcombine -reassociate -licm -simplifycfg -loop-simplify -indvars -instcombine -simplifycfg -mem2reg -loop-simplify -indvars -instcombine -gvn -gvn -instcombine -adce -break-crit-edges -simplifycfg -loop-delete -global-array-opt -dce -dse -adce -find-syn-modules -top processImage -deadargelim -mem2reg -instcombine -dce -presyn-prepare -auto-rom-infer -interface-preproc -syn-check -check-rec-only -find-region -simplifycfg -func-extr -function-inline -globaldce -mem2reg -instcombine -dce -gvn -globaldce -adce -adse -constprop -instcombine -bit-constprop -instcombine -dce -simplifycfg -bitop-raise -simplifycfg -dce -loop-delete -reassociate -globalopt -global-privatize -mem2reg -dce -global-constprop -pointer-simplify -constprop -dce -func-inst -deadargelim -auto-shift-reg-idiom -promote-dbg-pointer -norm-name D:/Year3/Hardware_design_for_Deep_Learning/Final_Project/final/solution1/.autopilot/db/a.g.0.bc -o D:/Year3/Hardware_design_for_Deep_Learning/Final_Project/final/solution1/.autopilot/db/a.g.1.bc -f -phase std-opt 
INFO: [XFORM 203-603] Inlining function 'hls::LineBuffer<3, 512, unsigned char, 0>::shift_pixels_up' into 'hls::LineBuffer<3, 512, unsigned char, 0>::shift_up' (D:/Year3/Vivado/2018.3/common/technology/autopilot/hls/hls_video_mem.h:863).
INFO: [XFORM 203-603] Inlining function 'hls::LineBuffer<3, 512, unsigned char, 0>::shift_up' into 'updateLineBuffer' (final/core_base.cpp:76).
INFO: [XFORM 203-603] Inlining function 'hls::LineBuffer<3, 512, unsigned char, 0>::insert_bottom_row' into 'hls::LineBuffer<3, 512, unsigned char, 0>::insert_top' (D:/Year3/Vivado/2018.3/common/technology/autopilot/hls/hls_video_mem.h:883).
INFO: [XFORM 203-603] Inlining function 'hls::LineBuffer<3, 512, unsigned char, 0>::insert_top' into 'updateLineBuffer' (final/core_base.cpp:77).
INFO: [XFORM 203-603] Inlining function 'hls::LineBuffer<3, 512, unsigned char, 0>::getval' into 'updateWindow' (final/core_base.cpp:86).
INFO: [XFORM 203-603] Inlining function 'hls::Window<3, 3, short>::insert_pixel' into 'hls::Window<3, 3, short>::insert' (D:/Year3/Vivado/2018.3/common/technology/autopilot/hls/hls_video_mem.h:573).
INFO: [XFORM 203-603] Inlining function 'hls::Window<3, 3, short>::insert' into 'updateWindow' (final/core_base.cpp:88).
INFO: [XFORM 203-603] Inlining function 'hls::Window<3, 3, short>::getval' into 'maxWindow' (final/core_base.cpp:146).
INFO: [XFORM 203-603] Inlining function 'hls::Window<3, 3, short>::getval' into 'minWindow' (final/core_base.cpp:134).
INFO: [XFORM 203-603] Inlining function 'hls::Window<3, 3, short>::getval' into 'sumWindow' (final/core_base.cpp:158).
Command         transform done; 0.299 sec.
INFO: [HLS 200-111] Finished Standard Transforms Time (s): cpu = 00:00:01 ; elapsed = 00:00:15 . Memory (MB): peak = 147.359 ; gain = 76.480
INFO: [HLS 200-10] Checking synthesizability ...
INFO-FLOW: Checking Synthesizability 1/2..
Execute         transform -hls -syn-check -check-rec-only -disaggr -scalarrepl -norm-name -dce -mem2reg -instcombine -function-uniquify -directive-preproc -mem2reg -dse -dce -auto-rom-infer -dce -pag -array-normalize -instcombine -dce -warn-fifo-pointer -array-seg-normalize -instcombine -dce -array-flatten -instcombine -dce -array-burst -dce -deadargelim -promote-global-argument -simplifycfg -mem2reg -globaldce -resolve-double-ptr -dce -deadargelim -dce -instcombine -function-inline -globaldce -dce -doublePtrSimplify -doublePtrElim -dce -doublePtrSimplify -promote-dbg-pointer -dce -scalarrepl -dse -adse -instcombine -ptrLegalization -simplifycfg -dce -instcombine -pointer-simplify -ptrArgReplace -dce -instcombine -disaggr -scalarrepl -norm-name -dce -mem2reg -instcombine -ptrLegalization -simplifycfg -deadargelim -instcombine -dce -inst-simplify -function-uniquify -directive-preproc -mem2reg -dse -dce -globaldce -check-dspbuiltin D:/Year3/Hardware_design_for_Deep_Learning/Final_Project/final/solution1/.autopilot/db/a.g.1.bc -o D:/Year3/Hardware_design_for_Deep_Learning/Final_Project/final/solution1/.autopilot/db/a.g.2.prechk.bc -f 
INFO: [XFORM 203-602] Inlining function 'sumWindow' into 'processWindow' (final/core_base.cpp:98) automatically.
INFO: [XFORM 203-602] Inlining function 'minWindow' into 'processWindow' (final/core_base.cpp:103) automatically.
INFO: [XFORM 203-602] Inlining function 'maxWindow' into 'processWindow' (final/core_base.cpp:106) automatically.
INFO: [XFORM 203-602] Inlining function 'updateLineBuffer' into 'processImage' (final/core_base.cpp:38) automatically.
INFO: [XFORM 203-602] Inlining function 'sendOutputData' into 'processImage' (final/core_base.cpp:62) automatically.
Command         transform done; 0.263 sec.
INFO-FLOW: Checking Synthesizability 2/2..
Execute         transform -syn-check D:/Year3/Hardware_design_for_Deep_Learning/Final_Project/final/solution1/.autopilot/db/a.g.2.prechk.bc -o D:/Year3/Hardware_design_for_Deep_Learning/Final_Project/final/solution1/.autopilot/db/a.g.2.bc -f -phase syn-check 
Command         transform done; 0.13 sec.
INFO: [HLS 200-111] Finished Checking Synthesizability Time (s): cpu = 00:00:01 ; elapsed = 00:00:16 . Memory (MB): peak = 181.074 ; gain = 110.195
INFO-FLOW: Compiler optimizing ...
INFO-FLOW: Share syncheck's 1.bc for syn flow: copy D:/Year3/Hardware_design_for_Deep_Learning/Final_Project/final/solution1/.autopilot/db/a.g.1.bc to D:/Year3/Hardware_design_for_Deep_Learning/Final_Project/final/solution1/.autopilot/db/a.o.1.bc
INFO-FLOW: Presyn 1...
Execute         transform -hls -tmp D:/Year3/Hardware_design_for_Deep_Learning/Final_Project/final/solution1/.autopilot/db -interface-port-rename -type-info -function-uniquify -directive-preproc -mem2reg -dse -dce -disaggr -scalarrepl -norm-name -deadargelim -mem2reg -instcombine -dce -simplifycfg -auto-rom-infer -dce -function-uniquify -resource-proc -simplifycfg -mem2reg -globaldce -resolve-double-ptr -dce -deadargelim -dce -instcombine -clib-intrinsic-prepare -dce -func-buffer -dce -pag -array-normalize -func-legal -instcombine -gvn -constprop -dce -ptrArgReplace -mem2reg -instcombine -dce -array-seg-normalize -deadargelim -instcombine -dce -pointer-simplify -dce -port-alignment -dce -interface-preproc -data-pack -instcombine -dce -basicaa -aggr-aa -aggrmodref-aa -aggr-aa -gvn -gvn -basicaa -aggr-aa -aggrmodref-aa -aggr-aa -dse -adse -adce -loop-simplify -indvars -instcombine -gvn -loop-simplify -mem2reg -dce -find-region -instcombine -auto-loop-pipeline -inst-simplify -interface-preproc -cfgopt -instcombine -indvars -auto-loop-unroll -loop-simplify -loop-bound -xunroll -constprop -instcombine -simplifycfg -indvars -simplifycfg -dce -globaldce -clean-region -attach-range -gvn -inst-simplify -constprop -simplifycfg -dce -pointer-simplify -dce -globalopt -constprop -dce -array-promote -constprop -instcombine -dce -ptrArgReplace -mem2reg -instcombine -simplifycfg -dce -auto-par -instcombine -dce -array-transform-check -array-reshape -instcombine -simplifycfg -dce -ptrArgReplace -deadargelim -mem2reg -instcombine -simplifycfg -dce -indvars -loop-simplify -loop-bound -xunroll -constprop -instcombine -simplifycfg -indvars -simplifycfg -dce -globaldce -basicaa -aggr-aa -aggrmodref-aa -aggr-aa -dse -duplicate-dataflow-processes -globaldce -instcombine -array-partition -instcombine -simplifycfg -dce -ptrArgReplace -global-constprop -deadargelim -mem2reg -func-legal -instcombine -dce -global-constprop -deadargelim -mem2reg -instcombine -simplifycfg -dce -merge-param -deadargelim -globalopt -constprop -dce -array-promote -constprop -instcombine -dce -ptrArgReplace -mem2reg -instcombine -simplifycfg -dce -mem-intrinsic-preproc -dce -global-internalize -global-privatize -mem2reg -globaldce -promote-global-argument -ptrArgReplace -mem2reg -instcombine -dce -globalopt -mergereturn -simplify-global-access -mem2reg -dce -pointer-simplify -dce -functionattrs -basicaa -aggr-aa -aggrmodref-aa -aggr-aa -gvn -gvn -basicaa -aggr-aa -aggrmodref-aa -aggr-aa -dse -adse -adce -inst-simplify -dce -norm-name -function-inline -globaldce -func-inst -constprop -instcombine -simplifycfg -dce -func-legal -dce -loop-bound -arraycheck -bitwidthmin -on-by-dataflow -loop-delete -instcombine -simplifycfg -globaldce -dce -gvn -deadargelim -dce -loop-simplify -clean-region -simplifycfg -propagate-stable-arguments -loop-stream -instcombine -simplifycfg -dce -globaldce -duplicate-dataflow-processes -stream-intrinsic-preproc -dce -check-ap-stream -loop-simplify -eliminate-keepreads -extract-dataflow-in-loop -loop-simplify -dce -gvn -deadargelim -dse -check-dataflow-syntax -legalize-stream-variable -legalize-global -extract-subproc -dce -dead-channel-elimination -canonicalize-gep -globaldce -dce -gvn -deadargelim -annotate-dataflow-channels -scalar-propagation -deadargelim -globaldce -mem2reg -check-dataflow-channels -function-stream -dce -globaldce -prop-fifo-spec -internal-stream-gen -canonicalize-gep -globaldce -dce -gvn -deadargelim -mergereturn -indvars -loop-simplify -instcombine -array-stream -array-seg-normalize -array-partition -func-legal -instcombine -simplifycfg -dce -bundle-memfifo-ops -deadargelim -function-uniquify -directive-preproc -mem2reg -dse -dce -group-axi-access -licm -simplifycfg -dce -loop-delete -norm-name D:/Year3/Hardware_design_for_Deep_Learning/Final_Project/final/solution1/.autopilot/db/a.o.1.bc -o D:/Year3/Hardware_design_for_Deep_Learning/Final_Project/final/solution1/.autopilot/db/a.o.1.tmp.bc -f 
INFO: [XFORM 203-502] Unrolling all loops for pipelining in function 'updateLineBuffer' (final/core_base.cpp:73).
INFO: [XFORM 203-502] Unrolling all loops for pipelining in function 'sumWindow' (final/core_base.cpp:153).
INFO: [XFORM 203-502] Unrolling all loops for pipelining in function 'minWindow' (final/core_base.cpp:129).
INFO: [XFORM 203-502] Unrolling all loops for pipelining in function 'maxWindow' (final/core_base.cpp:141).
INFO: [XFORM 203-502] Unrolling all loops for pipelining in function 'updateWindow' (final/core_base.cpp:80).
INFO: [HLS 200-489] Unrolling loop 'Loop-1' (D:/Year3/Vivado/2018.3/common/technology/autopilot/hls/hls_video_mem.h:727) in function 'updateLineBuffer' completely with a factor of 2.
INFO: [HLS 200-489] Unrolling loop 'Loop-1' (final/core_base.cpp:156) in function 'sumWindow' completely with a factor of 3.
INFO: [HLS 200-489] Unrolling loop 'Loop-1.1' (final/core_base.cpp:157) in function 'sumWindow' completely with a factor of 3.
INFO: [HLS 200-489] Unrolling loop 'Loop-1' (final/core_base.cpp:132) in function 'minWindow' completely with a factor of 3.
INFO: [HLS 200-489] Unrolling loop 'Loop-1.1' (final/core_base.cpp:133) in function 'minWindow' completely with a factor of 3.
INFO: [HLS 200-489] Unrolling loop 'Loop-1' (final/core_base.cpp:144) in function 'maxWindow' completely with a factor of 3.
INFO: [HLS 200-489] Unrolling loop 'Loop-1.1' (final/core_base.cpp:145) in function 'maxWindow' completely with a factor of 3.
INFO: [HLS 200-489] Unrolling loop 'Loop-1' (final/core_base.cpp:84) in function 'updateWindow' completely with a factor of 3.
INFO: [HLS 200-489] Unrolling loop 'Loop-1.1' (final/core_base.cpp:85) in function 'updateWindow' completely with a factor of 3.
INFO: [XFORM 203-101] Partitioning array 'lineBuff.val' (final/core_base.cpp:13) in dimension 1 completely.
INFO: [XFORM 203-101] Partitioning array 'window.val' (final/core_base.cpp:14) in dimension 1 completely.
INFO: [XFORM 203-101] Partitioning array 'window.val' (final/core_base.cpp:14) in dimension 2 completely.
INFO: [XFORM 203-602] Inlining function 'sumWindow' into 'processWindow' (final/core_base.cpp:98) automatically.
INFO: [XFORM 203-602] Inlining function 'minWindow' into 'processWindow' (final/core_base.cpp:103) automatically.
INFO: [XFORM 203-602] Inlining function 'maxWindow' into 'processWindow' (final/core_base.cpp:106) automatically.
INFO: [XFORM 203-602] Inlining function 'updateLineBuffer' into 'processImage' (final/core_base.cpp:38) automatically.
INFO: [XFORM 203-602] Inlining function 'updateWindow' into 'processImage' (final/core_base.cpp:41) automatically.
INFO: [XFORM 203-602] Inlining function 'processWindow' into 'processImage' (final/core_base.cpp:46) automatically.
INFO: [XFORM 203-602] Inlining function 'sendOutputData' into 'processImage' (final/core_base.cpp:62) automatically.
Command         transform done; 0.891 sec.
INFO-FLOW: Presyn 2...
Execute         transform -hls -keep-callgraph -scalarrepl -mem2reg -port-alignment -attach-range -dce -pipe-mux-gen -indvars -loop-bound -inst-simplify -instcombine -dce -merge-array-access -mem2reg -dce -clean-region -mergereturn -if-conv -instcombine -dce -constprop -basicaa -aggr-aa -aggrmodref-aa -aggr-aa -gvn -gvn -basicaa -aggr-aa -aggrmodref-aa -aggr-aa -dse -adse -adce -scalarrepl -mem2reg -global-constprop -deadargelim -deadargelim -instcombine -dce -simplifycfg -ptrArgReplace -mem2reg -function-inline -globaldce -mem2reg -instcombine -dce -expr-balance -instcombine -dce -bitwidthmin -interface-preproc -directive-preproc -inst-rectify -instcombine -dce -functionattrs -constprop -instcombine -bit-constprop -simplify-global-access -globalopt -globaldce -inst-simplify -instcombine -elimdeaddata -dce -loop-delete -simplifycfg -loop-simplify -auto-burst -norm-name D:/Year3/Hardware_design_for_Deep_Learning/Final_Project/final/solution1/.autopilot/db/a.o.1.tmp.bc -o D:/Year3/Hardware_design_for_Deep_Learning/Final_Project/final/solution1/.autopilot/db/a.o.2.bc -f -phase presyn 
INFO: [XFORM 203-401] Performing if-conversion on hyperblock from (final/core_base.cpp:30:65) to (final/core_base.cpp:61:9) in function 'processImage'... converting 6 basic blocks.
INFO: [XFORM 203-11] Balancing expressions in function 'processImage' (final/core_base.cpp:7)...15 expression(s) balanced.
Command         transform done; 0.226 sec.
INFO: [HLS 200-111] Finished Pre-synthesis Time (s): cpu = 00:00:01 ; elapsed = 00:00:17 . Memory (MB): peak = 239.367 ; gain = 168.488
INFO-FLOW: Building ssdm...
Execute         transform -hls -function-uniquify -auto-function-inline -globaldce -ptrArgReplace -mem2reg -instcombine -dce -reset-lda -loop-simplify -indvars -licm -loop-dep -loop-bound -licm -loop-simplify -flattenloopnest -array-flatten -gvn -instcombine -dce -array-map -dce -func-legal -gvn -adce -instcombine -cfgopt -simplifycfg -loop-simplify -array-burst -promote-global-argument -dce -axi4-lower -array-seg-normalize -basicaa -aggrmodref-aa -globalsmodref-aa -aggr-aa -gvn -gvn -basicaa -aggrmodref-aa -globalsmodref-aa -aggr-aa -dse -adse -adce -licm -inst-simplify -dce -globaldce -instcombine -array-stream -eliminate-keepreads -instcombine -dce -deadargelim -doublePtrSimplify -doublePtrElim -dce -doublePtrSimplify -promote-dbg-pointer -dce -scalarrepl -mem2reg -disaggr -norm-name -mem2reg -instcombine -dse -adse -adce -ptrLegalization -dce -auto-rom-infer -array-flatten -dce -instcombine -check-doubleptr -loop-rot -constprop -cfgopt -simplifycfg -loop-simplify -indvars -pointer-simplify -dce -loop-bound -loop-simplify -loop-preproc -constprop -global-constprop -gvn -mem2reg -instcombine -dce -loop-bound -loop-merge -dce -bitwidthmin -deadargelim -dce -canonicalize-dataflow -dce -scalar-propagation -deadargelim -globaldce -mem2reg -read-loop-dep -interface-preproc -directive-preproc -interface-gen -bram-byte-enable -deadargelim -inst-simplify -dce -gvn -mem2reg -instcombine -dce -adse -loop-bound -instcombine -cfgopt -simplifycfg -loop-simplify -clean-region -io-protocol -find-region -mem2reg -bitop-raise -inst-simplify -inst-rectify -instcombine -adce -deadargelim -loop-simplify -phi-opt -bitop-raise -cfgopt -simplifycfg -strip-dead-prototypes -interface-lower -bitop-lower -intrinsic-lower -auto-function-inline -basicaa -aggrmodref-aa -globalsmodref-aa -aggr-aa -inst-simplify -simplifycfg -loop-simplify -mergereturn -inst-simplify -inst-rectify -dce -load-elim -bitop-lower -loop-rewind -pointer-simplify -dce -cfgopt -dce -bitwidth -loop-bound -loop-dep -read-loop-dep -dce -check-stream -norm-name -legalize -validate-dataflow -inst-clarity -cdfg-build D:/Year3/Hardware_design_for_Deep_Learning/Final_Project/final/solution1/.autopilot/db/a.o.2.bc -o D:/Year3/Hardware_design_for_Deep_Learning/Final_Project/final/solution1/.autopilot/db/a.o.3.bc -f -phase build-ssdm 
WARNING: [ANALYSIS 214-52] Found false inter dependency for variable 'lineBuff.val[2]' (final/core_base.cpp:13).
WARNING: [ANALYSIS 214-52] Found false inter dependency for variable 'lineBuff.val[0]' (final/core_base.cpp:13).
WARNING: [ANALYSIS 214-52] Found false inter dependency for variable 'lineBuff.val[1]' (final/core_base.cpp:13).
WARNING: [ANALYSIS 214-52] Found false intra dependency for variable 'lineBuff.val[2]' (final/core_base.cpp:13).
WARNING: [ANALYSIS 214-52] Found false intra dependency for variable 'lineBuff.val[0]' (final/core_base.cpp:13).
WARNING: [ANALYSIS 214-52] Found false intra dependency for variable 'lineBuff.val[1]' (final/core_base.cpp:13).
Command         transform done; 0.424 sec.
INFO: [HLS 200-111] Finished Architecture Synthesis Time (s): cpu = 00:00:02 ; elapsed = 00:00:17 . Memory (MB): peak = 250.859 ; gain = 179.980
INFO-FLOW: Finish building internal data model.
Command       opt_and_import_c done; 3.057 sec.
Command     elaborate done; 16.57 sec.
Execute     autosyn -from_csynth_design=1 
INFO: [HLS 200-10] Starting hardware synthesis ...
INFO-FLOW: Synthesizing C/C++ design ...
INFO: [HLS 200-10] Synthesizing 'processImage' ...
Execute       ap_set_top_model processImage 
Execute       get_model_list processImage -filter all-wo-channel -topdown 
Execute       preproc_iomode -model processImage 
Execute       get_model_list processImage -filter all-wo-channel 
INFO-FLOW: Model list for configure: processImage
INFO-FLOW: Configuring Module : processImage ...
Execute       set_default_model processImage 
Execute       apply_spec_resource_limit processImage 
INFO-FLOW: Model list for preprocess: processImage
INFO-FLOW: Preprocessing Module: processImage ...
Execute       set_default_model processImage 
Execute       cdfg_preprocess -model processImage 
Execute       rtl_gen_preprocess processImage 
INFO-FLOW: Model list for synthesis: processImage
INFO: [HLS 200-10] ----------------------------------------------------------------
INFO: [HLS 200-42] -- Implementing module 'processImage' 
INFO: [HLS 200-10] ----------------------------------------------------------------
Execute       set_default_model processImage 
Execute       schedule -model processImage 
INFO: [SCHED 204-11] Starting scheduling ...
INFO: [SCHED 204-61] Pipelining loop 'Loop 1'.
WARNING: [SCHED 204-68] The II Violation in module 'processImage': Unable to enforce a carried dependence constraint (II = 1, distance = 1, offset = 1)
   between 'load' operation ('lineBuff_val_0_load', final/core_base.cpp:86->final/core_base.cpp:41) on array 'lineBuff.val[0]', final/core_base.cpp:13 and 'store' operation (D:/Year3/Vivado/2018.3/common/technology/autopilot/hls/hls_video_mem.h:729->D:/Year3/Vivado/2018.3/common/technology/autopilot/hls/hls_video_mem.h:863->final/core_base.cpp:76->final/core_base.cpp:38) of variable 'lineBuff_val_1_load', D:/Year3/Vivado/2018.3/common/technology/autopilot/hls/hls_video_mem.h:729->D:/Year3/Vivado/2018.3/common/technology/autopilot/hls/hls_video_mem.h:863->final/core_base.cpp:76->final/core_base.cpp:38 on array 'lineBuff.val[0]', final/core_base.cpp:13.
WARNING: [SCHED 204-69] Unable to schedule 'load' operation ('lineBuff_val_0_load_1', final/core_base.cpp:86->final/core_base.cpp:41) on array 'lineBuff.val[0]', final/core_base.cpp:13 due to limited memory ports. Please consider using a memory core with more ports or partitioning the array 'lineBuff_val_0'.
WARNING: [SCHED 204-69] Unable to schedule 'load' operation ('kernel_load_6', final/core_base.cpp:87->final/core_base.cpp:41) on array 'kernel' due to limited memory ports. Please consider using a memory core with more ports or partitioning the array 'kernel'.
INFO: [SCHED 204-61] Pipelining result : Target II = 1, Final II = 5, Depth = 10.
INFO: [SCHED 204-11] Finished scheduling.
Command       schedule done; 0.276 sec.
INFO: [HLS 200-111]  Elapsed time: 17.691 seconds; current allocated memory: 194.407 MB.
Execute       report -o D:/Year3/Hardware_design_for_Deep_Learning/Final_Project/final/solution1/.autopilot/db/processImage.verbose.sched.rpt -verbose -f 
INFO: [HLS 200-434] Only 1 loops out of a total 2 loops have been pipelined in this design.
Execute       db_write -o D:/Year3/Hardware_design_for_Deep_Learning/Final_Project/final/solution1/.autopilot/db/processImage.sched.adb -f 
INFO-FLOW: Finish scheduling processImage.
Execute       set_default_model processImage 
Execute       bind -model processImage 
BIND OPTION: fu_weight=[ 0.0 -- 1.0 ]
BIND OPTION: model=processImage
BIND OPTION: reg_weight=[ 0.0 -- 1.0 ]
INFO: [BIND 205-100] Starting micro-architecture generation ...
INFO: [BIND 205-101] Performing variable lifetime analysis.
INFO: [BIND 205-101] Exploring resource sharing.
INFO: [BIND 205-101] Binding ...
INFO: [BIND 205-100] Finished micro-architecture generation.
INFO: [HLS 200-111]  Elapsed time: 0.182 seconds; current allocated memory: 195.379 MB.
Execute       report -o D:/Year3/Hardware_design_for_Deep_Learning/Final_Project/final/solution1/.autopilot/db/processImage.verbose.bind.rpt -verbose -f 
Execute       db_write -o D:/Year3/Hardware_design_for_Deep_Learning/Final_Project/final/solution1/.autopilot/db/processImage.bind.adb -f 
INFO-FLOW: Finish binding processImage.
Execute       get_model_list processImage -filter all-wo-channel 
INFO-FLOW: Preprocessing for RTLGen ...
Execute       rtl_gen_preprocess processImage 
INFO-FLOW: Model list for RTL generation: processImage
INFO: [HLS 200-10] ----------------------------------------------------------------
INFO: [HLS 200-10] -- Generating RTL for module 'processImage' 
INFO: [HLS 200-10] ----------------------------------------------------------------
Execute       get_config_rtl -prefix 
Execute       get_config_rtl -auto_prefix 
Execute       create_rtl_model processImage -vendor xilinx -mg_file D:/Year3/Hardware_design_for_Deep_Learning/Final_Project/final/solution1/.autopilot/db/processImage.compgen.tcl 
INFO: [RTGEN 206-500] Setting interface mode on port 'processImage/inStream_V_data_V' to 'ap_fifo'.
INFO: [RTGEN 206-500] Setting interface mode on port 'processImage/inStream_V_keep_V' to 'ap_fifo'.
INFO: [RTGEN 206-500] Setting interface mode on port 'processImage/inStream_V_strb_V' to 'ap_fifo'.
INFO: [RTGEN 206-500] Setting interface mode on port 'processImage/inStream_V_user_V' to 'ap_fifo'.
INFO: [RTGEN 206-500] Setting interface mode on port 'processImage/inStream_V_last_V' to 'ap_fifo'.
INFO: [RTGEN 206-500] Setting interface mode on port 'processImage/inStream_V_id_V' to 'ap_fifo'.
INFO: [RTGEN 206-500] Setting interface mode on port 'processImage/inStream_V_dest_V' to 'ap_fifo'.
INFO: [RTGEN 206-500] Setting interface mode on port 'processImage/outStream_V_data_V' to 'ap_fifo'.
INFO: [RTGEN 206-500] Setting interface mode on port 'processImage/outStream_V_keep_V' to 'ap_fifo'.
INFO: [RTGEN 206-500] Setting interface mode on port 'processImage/outStream_V_strb_V' to 'ap_fifo'.
INFO: [RTGEN 206-500] Setting interface mode on port 'processImage/outStream_V_user_V' to 'ap_fifo'.
INFO: [RTGEN 206-500] Setting interface mode on port 'processImage/outStream_V_last_V' to 'ap_fifo'.
INFO: [RTGEN 206-500] Setting interface mode on port 'processImage/outStream_V_id_V' to 'ap_fifo'.
INFO: [RTGEN 206-500] Setting interface mode on port 'processImage/outStream_V_dest_V' to 'ap_fifo'.
INFO: [RTGEN 206-500] Setting interface mode on port 'processImage/kernel' to 'ap_memory'.
INFO: [RTGEN 206-500] Setting interface mode on port 'processImage/operation' to 'ap_none'.
INFO: [RTGEN 206-500] Setting interface mode on function 'processImage' to 'ap_ctrl_hs'.
INFO: [SYN 201-210] Renamed object name 'processImage_lineBuff_val_0' to 'processImage_linebkb' due to the length limit 20
INFO: [SYN 201-210] Renamed object name 'processImage_lineBuff_val_1' to 'processImage_linecud' due to the length limit 20
INFO: [SYN 201-210] Renamed object name 'processImage_lineBuff_val_2' to 'processImage_linedEe' due to the length limit 20
INFO: [RTGEN 206-100] Finished creating RTL model for 'processImage'.
Command       create_rtl_model done; 0.281 sec.
INFO: [HLS 200-111]  Elapsed time: 0.458 seconds; current allocated memory: 197.042 MB.
Execute       source D:/Year3/Hardware_design_for_Deep_Learning/Final_Project/final/solution1/.autopilot/db/processImage.rtl_wrap.cfg.tcl 
Execute       gen_rtl processImage -istop -style xilinx -tracefl mytrace -tracefmt vcd -traceopt all -f -lang sc -o D:/Year3/Hardware_design_for_Deep_Learning/Final_Project/final/solution1/syn/systemc/processImage -synmodules processImage 
Execute       gen_rtl processImage -istop -style xilinx -f -lang vhdl -o D:/Year3/Hardware_design_for_Deep_Learning/Final_Project/final/solution1/syn/vhdl/processImage 
Execute       gen_rtl processImage -istop -style xilinx -f -lang vlog -o D:/Year3/Hardware_design_for_Deep_Learning/Final_Project/final/solution1/syn/verilog/processImage 
Execute       export_constraint_db -o D:/Year3/Hardware_design_for_Deep_Learning/Final_Project/final/solution1/.autopilot/db/processImage.constraint.tcl -f -tool general 
Execute       report -model processImage -o D:/Year3/Hardware_design_for_Deep_Learning/Final_Project/final/solution1/.autopilot/db/processImage.design.xml -verbose -f -dv 
Execute       report -model processImage -o D:/Year3/Hardware_design_for_Deep_Learning/Final_Project/final/solution1/.autopilot/db/processImage.sdaccel.xml -verbose -f -sdaccel 
Execute       gen_tb_info processImage -o D:/Year3/Hardware_design_for_Deep_Learning/Final_Project/final/solution1/.autopilot/db/processImage -p D:/Year3/Hardware_design_for_Deep_Learning/Final_Project/final/solution1/.autopilot/db 
Execute       report -model processImage -o D:/Year3/Hardware_design_for_Deep_Learning/Final_Project/final/solution1/syn/report/processImage_csynth.rpt -f 
Execute       report -model processImage -o D:/Year3/Hardware_design_for_Deep_Learning/Final_Project/final/solution1/syn/report/processImage_csynth.xml -f -x 
Execute       report -model processImage -o D:/Year3/Hardware_design_for_Deep_Learning/Final_Project/final/solution1/.autopilot/db/processImage.verbose.rpt -verbose -f 
Command       report done; 0.128 sec.
Execute       db_write -model processImage -o D:/Year3/Hardware_design_for_Deep_Learning/Final_Project/final/solution1/.autopilot/db/processImage.adb -f 
Execute       sc_get_clocks processImage 
Execute       get_config_export -vivado_clock 
Execute       sc_get_portdomain processImage 
INFO-FLOW: Model list for RTL component generation: processImage
INFO-FLOW: Handling components in module [processImage] ... 
Execute       source D:/Year3/Hardware_design_for_Deep_Learning/Final_Project/final/solution1/.autopilot/db/processImage.compgen.tcl 
INFO-FLOW: Found component processImage_linebkb.
INFO-FLOW: Append model processImage_linebkb
INFO-FLOW: Append model processImage
INFO-FLOW: Generating RTL model list ...
INFO-FLOW: All models in this session: processImage_linebkb processImage
INFO-FLOW: To file: write model processImage_linebkb
INFO-FLOW: To file: write model processImage
INFO-FLOW: Finished generating RTL model list.


INFO-FLOW: RTL Generation done.
INFO-FLOW: CAS Generation done.
INFO-FLOW: CBC Generation done.
INFO-FLOW: DBG:CMD: auto_generate_csynth_design
INFO-FLOW: DBG:CMD:     auto_generate --sim-model -phase csynth_design -d D:/Year3/Hardware_design_for_Deep_Learning/Final_Project/final/solution1
Execute       source D:/Year3/Hardware_design_for_Deep_Learning/Final_Project/final/solution1/.autopilot/db/global.setting.tcl 
INFO-FLOW: DBG:CMD: read_platform_lib D:/Year3/Hardware_design_for_Deep_Learning/Final_Project/final/solution1/.autopilot/db/global.setting.tcl
Execute       source D:/Year3/Vivado/2018.3/common/technology/generic/autopilot/common.gen 
Execute         source D:/Year3/Vivado/2018.3/common/technology/generic/autopilot/APCoreGen.gen 
Execute       source D:/Year3/Vivado/2018.3/common/technology/generic/autopilot/op.gen 
Execute       source D:/Year3/Vivado/2018.3/common/technology/generic/autopilot/op_simcore.gen 
Execute       source D:/Year3/Vivado/2018.3/common/technology/generic/autopilot/interface.gen 
Execute       source D:/Year3/Hardware_design_for_Deep_Learning/Final_Project/final/solution1/.autopilot/db/global.setting.tcl 
Execute       source D:/Year3/Vivado/2018.3/common/technology/xilinx/zynq/zynq.gen 
Execute         source D:/Year3/Vivado/2018.3/common/technology/xilinx/common/virtex.gen 
Execute           source D:/Year3/Vivado/2018.3/common/technology/xilinx/common/xilinx.gen 
Execute             source D:/Year3/Vivado/2018.3/common/technology/xilinx/interface/plb46.gen 
Execute             source D:/Year3/Vivado/2018.3/common/technology/xilinx/interface/fsl.gen 
Execute             source D:/Year3/Vivado/2018.3/common/technology/xilinx/interface/axi4.gen 
Execute             source D:/Year3/Vivado/2018.3/common/technology/xilinx/interface/nativeAXI4.gen 
Execute               source D:/Year3/Vivado/2018.3/common/technology/xilinx/interface/saxilite.gen 
Execute               source D:/Year3/Vivado/2018.3/common/technology/xilinx/interface/maxi.gen 
Execute             source D:/Year3/Vivado/2018.3/common/technology/xilinx/scripts/xilinxcoregen.gen 
Execute             source D:/Year3/Vivado/2018.3/common/technology/xilinx/interface/XilEDKCoreGen.gen 
Execute             source D:/Year3/Vivado/2018.3/common/technology/xilinx/ip/dds_compiler.gen 
Execute             source D:/Year3/Vivado/2018.3/common/technology/xilinx/ip/util.gen 
Execute             source D:/Year3/Vivado/2018.3/common/technology/xilinx/ip/xfft.gen 
Execute             source D:/Year3/Vivado/2018.3/common/technology/xilinx/ip/xfir.gen 
Execute           source D:/Year3/Vivado/2018.3/common/technology/xilinx/common/dsp48.gen 
Execute       source D:/Year3/Vivado/2018.3/common/technology/xilinx/zynq/zynq_fpv6.gen 
Execute         source D:/Year3/Vivado/2018.3/common/technology/xilinx/common/xilinx_fpv6.gen 
INFO-FLOW: DBG:CMD:   using AESL_AUTOCG::g_clock_period=10.000 (was NA)
INFO-FLOW: DBG:CMD:       generate_ip_cores sim=1 export=0 expOnly=0 dstVlogDir=syn/verilog
Execute       source D:/Year3/Hardware_design_for_Deep_Learning/Final_Project/final/solution1/.autopilot/db/global.setting.tcl 
Execute       source D:/Year3/Hardware_design_for_Deep_Learning/Final_Project/final/solution1/.autopilot/db/global.setting.tcl 
Execute       source D:/Year3/Hardware_design_for_Deep_Learning/Final_Project/final/solution1/.autopilot/db/global.setting.tcl 
Execute       source D:/Year3/Hardware_design_for_Deep_Learning/Final_Project/final/solution1/.autopilot/db/processImage.compgen.tcl 
INFO: [RTMG 210-278] Implementing memory 'processImage_linebkb_ram (RAM)' using block RAMs.
INFO-FLOW: DBG:CMD:     auto_generate -export -impltomg_flag -rtl both -tool Vivado -pcore_version 1.00.a -phase csynth_design -d D:/Year3/Hardware_design_for_Deep_Learning/Final_Project/final/solution1
Execute       source D:/Year3/Hardware_design_for_Deep_Learning/Final_Project/final/solution1/.autopilot/db/global.setting.tcl 
INFO-FLOW: DBG:CMD: read_platform_lib D:/Year3/Hardware_design_for_Deep_Learning/Final_Project/final/solution1/.autopilot/db/global.setting.tcl
Execute       source D:/Year3/Vivado/2018.3/common/technology/generic/autopilot/common.gen 
Execute         source D:/Year3/Vivado/2018.3/common/technology/generic/autopilot/APCoreGen.gen 
Execute       source D:/Year3/Vivado/2018.3/common/technology/generic/autopilot/op.gen 
Execute       source D:/Year3/Vivado/2018.3/common/technology/generic/autopilot/op_simcore.gen 
Execute       source D:/Year3/Vivado/2018.3/common/technology/generic/autopilot/interface.gen 
Execute       source D:/Year3/Hardware_design_for_Deep_Learning/Final_Project/final/solution1/.autopilot/db/global.setting.tcl 
Execute       source D:/Year3/Vivado/2018.3/common/technology/xilinx/zynq/zynq.gen 
Execute         source D:/Year3/Vivado/2018.3/common/technology/xilinx/common/virtex.gen 
Execute           source D:/Year3/Vivado/2018.3/common/technology/xilinx/common/xilinx.gen 
Execute             source D:/Year3/Vivado/2018.3/common/technology/xilinx/interface/plb46.gen 
Execute             source D:/Year3/Vivado/2018.3/common/technology/xilinx/interface/fsl.gen 
Execute             source D:/Year3/Vivado/2018.3/common/technology/xilinx/interface/axi4.gen 
Execute             source D:/Year3/Vivado/2018.3/common/technology/xilinx/interface/nativeAXI4.gen 
Execute               source D:/Year3/Vivado/2018.3/common/technology/xilinx/interface/saxilite.gen 
Execute               source D:/Year3/Vivado/2018.3/common/technology/xilinx/interface/maxi.gen 
Execute             source D:/Year3/Vivado/2018.3/common/technology/xilinx/scripts/xilinxcoregen.gen 
Execute             source D:/Year3/Vivado/2018.3/common/technology/xilinx/interface/XilEDKCoreGen.gen 
Execute             source D:/Year3/Vivado/2018.3/common/technology/xilinx/ip/dds_compiler.gen 
Execute             source D:/Year3/Vivado/2018.3/common/technology/xilinx/ip/util.gen 
Execute             source D:/Year3/Vivado/2018.3/common/technology/xilinx/ip/xfft.gen 
Execute             source D:/Year3/Vivado/2018.3/common/technology/xilinx/ip/xfir.gen 
Execute           source D:/Year3/Vivado/2018.3/common/technology/xilinx/common/dsp48.gen 
Execute       source D:/Year3/Vivado/2018.3/common/technology/xilinx/zynq/zynq_fpv6.gen 
Execute         source D:/Year3/Vivado/2018.3/common/technology/xilinx/common/xilinx_fpv6.gen 
INFO-FLOW: DBG:CMD:       initCTypeInfo top_module=processImage xml_exists=0
Execute       source D:/Year3/Hardware_design_for_Deep_Learning/Final_Project/final/solution1/.autopilot/db/processImage.rtl_wrap.cfg.tcl 
Execute       source D:/Year3/Hardware_design_for_Deep_Learning/Final_Project/final/solution1/.autopilot/db/processImage.rtl_wrap.cfg.tcl 
Execute       source D:/Year3/Hardware_design_for_Deep_Learning/Final_Project/final/solution1/.autopilot/db/processImage.rtl_wrap.cfg.tcl 
Execute       source D:/Year3/Hardware_design_for_Deep_Learning/Final_Project/final/solution1/.autopilot/db/processImage.tbgen.tcl 
Execute       source D:/Year3/Hardware_design_for_Deep_Learning/Final_Project/final/solution1/.autopilot/db/processImage.tbgen.tcl 
INFO-FLOW: DBG:CMD:       export_impl_rtl
INFO-FLOW: DBG:CMD:       generate_ip_cores sim=0 export=0 expOnly=0 dstVlogDir=impl/.verilog
Execute       source D:/Year3/Hardware_design_for_Deep_Learning/Final_Project/final/solution1/.autopilot/db/global.setting.tcl 
Execute       source D:/Year3/Hardware_design_for_Deep_Learning/Final_Project/final/solution1/.autopilot/db/processImage.compgen.tcl 
INFO-FLOW: DBG:CMD:       generate_ip_cores sim=0 export=1 expOnly=1 dstVlogDir=impl/.pcores/verilog
Execute       source D:/Year3/Hardware_design_for_Deep_Learning/Final_Project/final/solution1/.autopilot/db/global.setting.tcl 
Execute       source D:/Year3/Hardware_design_for_Deep_Learning/Final_Project/final/solution1/.autopilot/db/processImage.compgen.tcl 
Execute         source D:/Year3/Hardware_design_for_Deep_Learning/Final_Project/final/solution1/.autopilot/db/processImage.tbgen.tcl 
INFO-FLOW: DBG:CMD:       generate_ip_cores sim=0 export=0 expOnly=0 dstVlogDir=impl/.pcores/verilog_sim
Execute       source D:/Year3/Hardware_design_for_Deep_Learning/Final_Project/final/solution1/.autopilot/db/global.setting.tcl 
Execute       source D:/Year3/Hardware_design_for_Deep_Learning/Final_Project/final/solution1/.autopilot/db/processImage.compgen.tcl 
Execute       source D:/Year3/Hardware_design_for_Deep_Learning/Final_Project/final/solution1/.autopilot/db/global.setting.tcl 
Execute       source D:/Year3/Hardware_design_for_Deep_Learning/Final_Project/final/solution1/.autopilot/db/processImage.constraint.tcl 
Execute       source D:/Year3/Hardware_design_for_Deep_Learning/Final_Project/final/solution1/.autopilot/db/processImage.tbgen.tcl 
INFO-FLOW: DBG:CMD:       hasPcoreIpAdapter=false #gSsdmPorts=34
INFO-FLOW: DBG:CMD: Skipping loadAnalyze_DB, #g_database=16
INFO-FLOW: DBG:CMD:       generate_json is_phase_csynth=1 g_has_adaptors=false generate_bd_files=0 #modelList=2 #gSsdmPorts=34
Execute       source D:/Year3/Hardware_design_for_Deep_Learning/Final_Project/final/solution1/.autopilot/db/global.setting.tcl 
Execute       source D:/Year3/Hardware_design_for_Deep_Learning/Final_Project/final/solution1/.autopilot/db/global.setting.tcl 
Execute       source D:/Year3/Hardware_design_for_Deep_Learning/Final_Project/final/solution1/.autopilot/db/processImage.tbgen.tcl 
Execute       source D:/Year3/Hardware_design_for_Deep_Learning/Final_Project/final/solution1/.autopilot/db/processImage.tbgen.tcl 
Execute       source D:/Year3/Hardware_design_for_Deep_Learning/Final_Project/final/solution1/.autopilot/db/processImage.tbgen.tcl 
Execute       source D:/Year3/Hardware_design_for_Deep_Learning/Final_Project/final/solution1/.autopilot/db/processImage.tbgen.tcl 
Execute       source D:/Year3/Hardware_design_for_Deep_Learning/Final_Project/final/solution1/.autopilot/db/processImage.tbgen.tcl 
Execute       source D:/Year3/Hardware_design_for_Deep_Learning/Final_Project/final/solution1/.autopilot/db/processImage.tbgen.tcl 
Execute       source D:/Year3/Hardware_design_for_Deep_Learning/Final_Project/final/solution1/.autopilot/db/processImage.tbgen.tcl 
Execute       source D:/Year3/Hardware_design_for_Deep_Learning/Final_Project/final/solution1/.autopilot/db/processImage.tbgen.tcl 
Execute       source D:/Year3/Hardware_design_for_Deep_Learning/Final_Project/final/solution1/.autopilot/db/global.setting.tcl 
Execute       get_config_sdx -target 
Execute       get_config_export -xo 
Execute       source D:/Year3/Hardware_design_for_Deep_Learning/Final_Project/final/solution1/.autopilot/db/global.setting.tcl 
Execute       source D:/Year3/Hardware_design_for_Deep_Learning/Final_Project/final/solution1/.autopilot/db/processImage.constraint.tcl 
Execute       sc_get_clocks processImage 
Execute       source D:/Year3/Hardware_design_for_Deep_Learning/Final_Project/final/solution1/.autopilot/db/global.setting.tcl 
Execute       get_config_sdx -target 
Execute       get_config_sdx -profile 
Execute       ::config_rtl 
INFO-FLOW: DBG:CMD: add_json_sdx_info kernel file does not exist: D:/Year3/Hardware_design_for_Deep_Learning/Final_Project/final/solution1/.autopilot/db/kernel.internal.xml
INFO-FLOW: DBG:CMD:       delete-temp-dirs (skipped for debug)
INFO: [HLS 200-111] Finished generating all RTL models Time (s): cpu = 00:00:02 ; elapsed = 00:00:20 . Memory (MB): peak = 257.738 ; gain = 186.859
INFO: [SYSC 207-301] Generating SystemC RTL for processImage.
INFO: [VHDL 208-304] Generating VHDL RTL for processImage.
INFO: [VLOG 209-307] Generating Verilog RTL for processImage.
Command     autosyn done; 2.418 sec.
Execute     get_part 
Execute     get_config_export -sdx_tcl 
Command   csynth_design done; 19.023 sec.
Command ap_source done; 19.319 sec.
Execute cleanup_all 
