==============================================================
File generated on Wed Dec 18 01:53:45 +0700 2024
Vivado(TM) HLS - High-Level Synthesis from C, C++ and SystemC v2018.3 (64-bit)
SW Build 2405991 on Thu Dec  6 23:38:27 MST 2018
IP Build 2404404 on Fri Dec  7 01:43:56 MST 2018
Copyright 1986-2018 Xilinx, Inc. All Rights Reserved.
==============================================================
INFO: [SYN 201-201] Setting up clock 'default' with a period of 10ns.
INFO: [HLS 200-10] Setting target device to 'xc7z020clg484-1'
INFO: [SCHED 204-61] Option 'relax_ii_for_timing' is enabled, will increase II to preserve clock frequency constraints.
INFO: [HLS 200-10] Analyzing design file 'core_base.cpp' ... 
INFO: [HLS 200-111] Finished Linking Time (s): cpu = 00:00:01 ; elapsed = 00:00:09 . Memory (MB): peak = 103.051 ; gain = 18.406
INFO: [HLS 200-111] Finished Checking Pragmas Time (s): cpu = 00:00:01 ; elapsed = 00:00:09 . Memory (MB): peak = 103.051 ; gain = 18.406
INFO: [HLS 200-10] Starting code transformations ...
INFO: [XFORM 203-603] Inlining function 'hls::LineBuffer<3, 512, unsigned char, 0>::shift_pixels_up' into 'hls::LineBuffer<3, 512, unsigned char, 0>::shift_up' (D:/Setting_code/Xilinx/Vivado/2018.3/common/technology/autopilot/hls/hls_video_mem.h:863).
INFO: [XFORM 203-603] Inlining function 'hls::LineBuffer<3, 512, unsigned char, 0>::shift_up' into 'updateLineBuffer' (core_base.cpp:81).
INFO: [XFORM 203-603] Inlining function 'hls::LineBuffer<3, 512, unsigned char, 0>::insert_bottom_row' into 'hls::LineBuffer<3, 512, unsigned char, 0>::insert_top' (D:/Setting_code/Xilinx/Vivado/2018.3/common/technology/autopilot/hls/hls_video_mem.h:883).
INFO: [XFORM 203-603] Inlining function 'hls::LineBuffer<3, 512, unsigned char, 0>::insert_top' into 'updateLineBuffer' (core_base.cpp:82).
INFO: [XFORM 203-603] Inlining function 'updateLineBuffer' into 'processImage' (core_base.cpp:39).
INFO: [XFORM 203-603] Inlining function 'hls::LineBuffer<3, 512, unsigned char, 0>::getval' into 'updateWindow' (core_base.cpp:93).
INFO: [XFORM 203-603] Inlining function 'hls::Window<3, 3, short>::insert_pixel' into 'hls::Window<3, 3, short>::insert' (D:/Setting_code/Xilinx/Vivado/2018.3/common/technology/autopilot/hls/hls_video_mem.h:573).
INFO: [XFORM 203-603] Inlining function 'hls::Window<3, 3, short>::insert' into 'updateWindow' (core_base.cpp:95).
INFO: [XFORM 203-603] Inlining function 'updateWindow' into 'processImage' (core_base.cpp:42).
INFO: [XFORM 203-603] Inlining function 'hls::Window<3, 3, short>::getval' into 'sumWindow' (core_base.cpp:125).
INFO: [XFORM 203-603] Inlining function 'sendOutputData' into 'processImage' (core_base.cpp:72).
INFO: [XFORM 203-603] Inlining function 'sendOutputData' into 'processImage' (core_base.cpp:65).
INFO: [HLS 200-111] Finished Standard Transforms Time (s): cpu = 00:00:01 ; elapsed = 00:00:10 . Memory (MB): peak = 147.531 ; gain = 62.887
INFO: [HLS 200-10] Checking synthesizability ...
INFO: [XFORM 203-602] Inlining function 'sumWindow' into 'processImage' (core_base.cpp:47) automatically.
INFO: [HLS 200-111] Finished Checking Synthesizability Time (s): cpu = 00:00:01 ; elapsed = 00:00:10 . Memory (MB): peak = 181.133 ; gain = 96.488
INFO: [XFORM 203-502] Unrolling all loops for pipelining in function 'sumWindow' (core_base.cpp:119).
INFO: [XFORM 203-502] Unrolling all sub-loops inside loop 'Loop-1' (core_base.cpp:31) in function 'processImage' for pipelining.
INFO: [HLS 200-489] Unrolling loop 'Loop-1' (core_base.cpp:122) in function 'sumWindow' completely with a factor of 3.
INFO: [HLS 200-489] Unrolling loop 'Loop-1.1' (core_base.cpp:123) in function 'sumWindow' completely with a factor of 3.
INFO: [HLS 200-489] Unrolling loop 'Loop-1.1' (D:/Setting_code/Xilinx/Vivado/2018.3/common/technology/autopilot/hls/hls_video_mem.h:727) in function 'processImage' completely with a factor of 2.
INFO: [HLS 200-489] Unrolling loop 'Loop-1.2' (core_base.cpp:90) in function 'processImage' completely with a factor of 3.
INFO: [HLS 200-489] Unrolling loop 'Loop-1.2.1' (core_base.cpp:91) in function 'processImage' completely with a factor of 3.
INFO: [XFORM 203-101] Partitioning array 'lineBuff.val' (core_base.cpp:12) in dimension 1 completely.
INFO: [XFORM 203-101] Partitioning array 'window.val' (core_base.cpp:13) in dimension 1 completely.
INFO: [XFORM 203-101] Partitioning array 'kernel' (core_base.cpp:9) in dimension 1 completely.
INFO: [XFORM 203-101] Partitioning array 'window.val' (core_base.cpp:13) in dimension 2 completely.
INFO: [XFORM 203-602] Inlining function 'sumWindow' into 'processImage' (core_base.cpp:47) automatically.
INFO: [XFORM 203-401] Performing if-conversion on hyperblock from (core_base.cpp:31:62) to (core_base.cpp:64:9) in function 'processImage'... converting 3 basic blocks.
INFO: [XFORM 203-11] Balancing expressions in function 'processImage' (core_base.cpp:7)...15 expression(s) balanced.
INFO: [HLS 200-111] Finished Pre-synthesis Time (s): cpu = 00:00:02 ; elapsed = 00:00:11 . Memory (MB): peak = 238.645 ; gain = 154.000
WARNING: [ANALYSIS 214-52] Found false inter dependency for variable 'lineBuff.val[0]' (core_base.cpp:12).
WARNING: [ANALYSIS 214-52] Found false inter dependency for variable 'lineBuff.val[2]' (core_base.cpp:12).
WARNING: [ANALYSIS 214-52] Found false inter dependency for variable 'lineBuff.val[1]' (core_base.cpp:12).
WARNING: [ANALYSIS 214-52] Found false intra dependency for variable 'lineBuff.val[0]' (core_base.cpp:12).
WARNING: [ANALYSIS 214-52] Found false intra dependency for variable 'lineBuff.val[2]' (core_base.cpp:12).
WARNING: [ANALYSIS 214-52] Found false intra dependency for variable 'lineBuff.val[1]' (core_base.cpp:12).
INFO: [HLS 200-111] Finished Architecture Synthesis Time (s): cpu = 00:00:02 ; elapsed = 00:00:11 . Memory (MB): peak = 250.844 ; gain = 166.199
INFO: [HLS 200-10] Starting hardware synthesis ...
INFO: [HLS 200-10] Synthesizing 'processImage' ...
INFO: [HLS 200-10] ----------------------------------------------------------------
INFO: [HLS 200-42] -- Implementing module 'processImage' 
INFO: [HLS 200-10] ----------------------------------------------------------------
INFO: [SCHED 204-11] Starting scheduling ...
INFO: [SCHED 204-61] Pipelining loop 'Loop 1'.
WARNING: [SCHED 204-68] The II Violation in module 'processImage': Unable to enforce a carried dependence constraint (II = 1, distance = 1, offset = 1)
   between 'load' operation ('lineBuff_val_0_load', core_base.cpp:93->core_base.cpp:42) on array 'lineBuff.val[0]', core_base.cpp:12 and 'store' operation (D:/Setting_code/Xilinx/Vivado/2018.3/common/technology/autopilot/hls/hls_video_mem.h:729->D:/Setting_code/Xilinx/Vivado/2018.3/common/technology/autopilot/hls/hls_video_mem.h:863->core_base.cpp:81->core_base.cpp:39) of variable 'lineBuff_val_1_load', D:/Setting_code/Xilinx/Vivado/2018.3/common/technology/autopilot/hls/hls_video_mem.h:729->D:/Setting_code/Xilinx/Vivado/2018.3/common/technology/autopilot/hls/hls_video_mem.h:863->core_base.cpp:81->core_base.cpp:39 on array 'lineBuff.val[0]', core_base.cpp:12.
WARNING: [SCHED 204-69] Unable to schedule 'load' operation ('lineBuff_val_0_load_1', core_base.cpp:93->core_base.cpp:42) on array 'lineBuff.val[0]', core_base.cpp:12 due to limited memory ports. Please consider using a memory core with more ports or partitioning the array 'lineBuff_val_0'.
INFO: [SCHED 204-61] Pipelining result : Target II = 1, Final II = 3, Depth = 9.
WARNING: [SCHED 204-21] Estimated clock period (10.283ns) exceeds the target (target clock period: 10ns, clock uncertainty: 1.25ns, effective delay budget: 8.75ns).
WARNING: [SCHED 204-21] The critical path in module 'processImage' consists of the following:
	'mul' operation of DSP[169] ('window.val[1][0]', core_base.cpp:94->core_base.cpp:42) [128]  (3.36 ns)
	'add' operation of DSP[169] ('tmp3', core_base.cpp:125->core_base.cpp:47) [169]  (3.02 ns)
	'add' operation ('tmp4', core_base.cpp:125->core_base.cpp:47) [170]  (0 ns)
	'add' operation ('valOutput', core_base.cpp:125->core_base.cpp:47) [171]  (3.9 ns)
INFO: [SCHED 204-11] Finished scheduling.
INFO: [HLS 200-111]  Elapsed time: 11.473 seconds; current allocated memory: 193.098 MB.
INFO: [HLS 200-434] Only 1 loops out of a total 2 loops have been pipelined in this design.
INFO: [BIND 205-100] Starting micro-architecture generation ...
INFO: [BIND 205-101] Performing variable lifetime analysis.
INFO: [BIND 205-101] Exploring resource sharing.
INFO: [BIND 205-101] Binding ...
INFO: [BIND 205-100] Finished micro-architecture generation.
INFO: [HLS 200-111]  Elapsed time: 0.121 seconds; current allocated memory: 193.792 MB.
INFO: [HLS 200-10] ----------------------------------------------------------------
INFO: [HLS 200-10] -- Generating RTL for module 'processImage' 
INFO: [HLS 200-10] ----------------------------------------------------------------
INFO: [RTGEN 206-500] Setting interface mode on port 'processImage/inStream_V_data_V' to 'ap_fifo'.
INFO: [RTGEN 206-500] Setting interface mode on port 'processImage/inStream_V_keep_V' to 'ap_fifo'.
INFO: [RTGEN 206-500] Setting interface mode on port 'processImage/inStream_V_strb_V' to 'ap_fifo'.
INFO: [RTGEN 206-500] Setting interface mode on port 'processImage/inStream_V_user_V' to 'ap_fifo'.
INFO: [RTGEN 206-500] Setting interface mode on port 'processImage/inStream_V_last_V' to 'ap_fifo'.
INFO: [RTGEN 206-500] Setting interface mode on port 'processImage/inStream_V_id_V' to 'ap_fifo'.
INFO: [RTGEN 206-500] Setting interface mode on port 'processImage/inStream_V_dest_V' to 'ap_fifo'.
INFO: [RTGEN 206-500] Setting interface mode on port 'processImage/outStream_V_data_V' to 'ap_fifo'.
INFO: [RTGEN 206-500] Setting interface mode on port 'processImage/outStream_V_keep_V' to 'ap_fifo'.
INFO: [RTGEN 206-500] Setting interface mode on port 'processImage/outStream_V_strb_V' to 'ap_fifo'.
INFO: [RTGEN 206-500] Setting interface mode on port 'processImage/outStream_V_user_V' to 'ap_fifo'.
INFO: [RTGEN 206-500] Setting interface mode on port 'processImage/outStream_V_last_V' to 'ap_fifo'.
INFO: [RTGEN 206-500] Setting interface mode on port 'processImage/outStream_V_id_V' to 'ap_fifo'.
INFO: [RTGEN 206-500] Setting interface mode on port 'processImage/outStream_V_dest_V' to 'ap_fifo'.
INFO: [RTGEN 206-500] Setting interface mode on port 'processImage/kernel_0' to 'ap_none'.
INFO: [RTGEN 206-500] Setting interface mode on port 'processImage/kernel_1' to 'ap_none'.
INFO: [RTGEN 206-500] Setting interface mode on port 'processImage/kernel_2' to 'ap_none'.
INFO: [RTGEN 206-500] Setting interface mode on port 'processImage/kernel_3' to 'ap_none'.
INFO: [RTGEN 206-500] Setting interface mode on port 'processImage/kernel_4' to 'ap_none'.
INFO: [RTGEN 206-500] Setting interface mode on port 'processImage/kernel_5' to 'ap_none'.
INFO: [RTGEN 206-500] Setting interface mode on port 'processImage/kernel_6' to 'ap_none'.
INFO: [RTGEN 206-500] Setting interface mode on port 'processImage/kernel_7' to 'ap_none'.
INFO: [RTGEN 206-500] Setting interface mode on port 'processImage/kernel_8' to 'ap_none'.
INFO: [RTGEN 206-500] Setting interface mode on function 'processImage' to 'ap_ctrl_hs'.
INFO: [SYN 201-210] Renamed object name 'processImage_lineBuff_val_0' to 'processImage_linebkb' due to the length limit 20
INFO: [SYN 201-210] Renamed object name 'processImage_lineBuff_val_1' to 'processImage_linecud' due to the length limit 20
INFO: [SYN 201-210] Renamed object name 'processImage_lineBuff_val_2' to 'processImage_linedEe' due to the length limit 20
INFO: [SYN 201-210] Renamed object name 'processImage_mac_muladd_8s_8ns_16ns_16_1_1' to 'processImage_mac_eOg' due to the length limit 20
INFO: [SYN 201-210] Renamed object name 'processImage_mac_muladd_8s_8ns_16s_16_1_1' to 'processImage_mac_fYi' due to the length limit 20
INFO: [RTGEN 206-100] Generating core module 'processImage_mac_eOg': 4 instance(s).
INFO: [RTGEN 206-100] Generating core module 'processImage_mac_fYi': 1 instance(s).
INFO: [RTGEN 206-100] Finished creating RTL model for 'processImage'.
INFO: [HLS 200-111]  Elapsed time: 0.413 seconds; current allocated memory: 195.045 MB.
INFO: [RTMG 210-278] Implementing memory 'processImage_linebkb_ram (RAM)' using block RAMs.
INFO: [HLS 200-111] Finished generating all RTL models Time (s): cpu = 00:00:03 ; elapsed = 00:00:13 . Memory (MB): peak = 253.094 ; gain = 168.449
INFO: [SYSC 207-301] Generating SystemC RTL for processImage.
INFO: [VHDL 208-304] Generating VHDL RTL for processImage.
INFO: [VLOG 209-307] Generating Verilog RTL for processImage.
INFO: [HLS 200-112] Total elapsed time: 13.108 seconds; peak allocated memory: 195.045 MB.
==============================================================
File generated on Wed Dec 18 02:03:30 +0700 2024
Vivado(TM) HLS - High-Level Synthesis from C, C++ and SystemC v2018.3 (64-bit)
SW Build 2405991 on Thu Dec  6 23:38:27 MST 2018
IP Build 2404404 on Fri Dec  7 01:43:56 MST 2018
Copyright 1986-2018 Xilinx, Inc. All Rights Reserved.
==============================================================
INFO: [SYN 201-201] Setting up clock 'default' with a period of 10ns.
INFO: [HLS 200-10] Setting target device to 'xc7z020clg484-1'
INFO: [SCHED 204-61] Option 'relax_ii_for_timing' is enabled, will increase II to preserve clock frequency constraints.
INFO: [HLS 200-10] Analyzing design file 'core_base.cpp' ... 
INFO: [HLS 200-111] Finished Linking Time (s): cpu = 00:00:01 ; elapsed = 00:00:10 . Memory (MB): peak = 103.250 ; gain = 18.555
INFO: [HLS 200-111] Finished Checking Pragmas Time (s): cpu = 00:00:01 ; elapsed = 00:00:10 . Memory (MB): peak = 103.250 ; gain = 18.555
INFO: [HLS 200-10] Starting code transformations ...
INFO: [XFORM 203-603] Inlining function 'hls::LineBuffer<3, 512, unsigned char, 0>::shift_pixels_up' into 'hls::LineBuffer<3, 512, unsigned char, 0>::shift_up' (D:/Setting_code/Xilinx/Vivado/2018.3/common/technology/autopilot/hls/hls_video_mem.h:863).
INFO: [XFORM 203-603] Inlining function 'hls::LineBuffer<3, 512, unsigned char, 0>::shift_up' into 'updateLineBuffer' (core_base.cpp:81).
INFO: [XFORM 203-603] Inlining function 'hls::LineBuffer<3, 512, unsigned char, 0>::insert_bottom_row' into 'hls::LineBuffer<3, 512, unsigned char, 0>::insert_top' (D:/Setting_code/Xilinx/Vivado/2018.3/common/technology/autopilot/hls/hls_video_mem.h:883).
INFO: [XFORM 203-603] Inlining function 'hls::LineBuffer<3, 512, unsigned char, 0>::insert_top' into 'updateLineBuffer' (core_base.cpp:82).
INFO: [XFORM 203-603] Inlining function 'updateLineBuffer' into 'processImage' (core_base.cpp:39).
INFO: [XFORM 203-603] Inlining function 'hls::LineBuffer<3, 512, unsigned char, 0>::getval' into 'updateWindow' (core_base.cpp:93).
INFO: [XFORM 203-603] Inlining function 'hls::Window<3, 3, short>::insert_pixel' into 'hls::Window<3, 3, short>::insert' (D:/Setting_code/Xilinx/Vivado/2018.3/common/technology/autopilot/hls/hls_video_mem.h:573).
INFO: [XFORM 203-603] Inlining function 'hls::Window<3, 3, short>::insert' into 'updateWindow' (core_base.cpp:95).
INFO: [XFORM 203-603] Inlining function 'updateWindow' into 'processImage' (core_base.cpp:42).
INFO: [XFORM 203-603] Inlining function 'hls::Window<3, 3, short>::getval' into 'sumWindow' (core_base.cpp:125).
INFO: [XFORM 203-603] Inlining function 'sendOutputData' into 'processImage' (core_base.cpp:72).
INFO: [XFORM 203-603] Inlining function 'sendOutputData' into 'processImage' (core_base.cpp:65).
INFO: [HLS 200-111] Finished Standard Transforms Time (s): cpu = 00:00:01 ; elapsed = 00:00:10 . Memory (MB): peak = 147.266 ; gain = 62.570
INFO: [HLS 200-10] Checking synthesizability ...
INFO: [XFORM 203-602] Inlining function 'sumWindow' into 'processImage' (core_base.cpp:47) automatically.
INFO: [HLS 200-111] Finished Checking Synthesizability Time (s): cpu = 00:00:01 ; elapsed = 00:00:11 . Memory (MB): peak = 181.340 ; gain = 96.645
INFO: [XFORM 203-502] Unrolling all loops for pipelining in function 'sumWindow' (core_base.cpp:119).
INFO: [XFORM 203-502] Unrolling all sub-loops inside loop 'Loop-1' (core_base.cpp:31) in function 'processImage' for pipelining.
INFO: [HLS 200-489] Unrolling loop 'Loop-1' (core_base.cpp:122) in function 'sumWindow' completely with a factor of 3.
INFO: [HLS 200-489] Unrolling loop 'Loop-1.1' (core_base.cpp:123) in function 'sumWindow' completely with a factor of 3.
INFO: [HLS 200-489] Unrolling loop 'Loop-1.1' (D:/Setting_code/Xilinx/Vivado/2018.3/common/technology/autopilot/hls/hls_video_mem.h:727) in function 'processImage' completely with a factor of 2.
INFO: [HLS 200-489] Unrolling loop 'Loop-1.2' (core_base.cpp:90) in function 'processImage' completely with a factor of 3.
INFO: [HLS 200-489] Unrolling loop 'Loop-1.2.1' (core_base.cpp:91) in function 'processImage' completely with a factor of 3.
INFO: [XFORM 203-101] Partitioning array 'lineBuff.val' (core_base.cpp:12) in dimension 1 completely.
INFO: [XFORM 203-101] Partitioning array 'window.val' (core_base.cpp:13) in dimension 1 completely.
INFO: [XFORM 203-101] Partitioning array 'kernel' (core_base.cpp:9) in dimension 1 completely.
INFO: [XFORM 203-101] Partitioning array 'window.val' (core_base.cpp:13) in dimension 2 completely.
INFO: [XFORM 203-602] Inlining function 'sumWindow' into 'processImage' (core_base.cpp:47) automatically.
INFO: [XFORM 203-401] Performing if-conversion on hyperblock from (core_base.cpp:31:62) to (core_base.cpp:64:9) in function 'processImage'... converting 3 basic blocks.
INFO: [XFORM 203-11] Balancing expressions in function 'processImage' (core_base.cpp:7)...15 expression(s) balanced.
INFO: [HLS 200-111] Finished Pre-synthesis Time (s): cpu = 00:00:02 ; elapsed = 00:00:11 . Memory (MB): peak = 236.977 ; gain = 152.281
WARNING: [ANALYSIS 214-52] Found false inter dependency for variable 'lineBuff.val[0]' (core_base.cpp:12).
WARNING: [ANALYSIS 214-52] Found false inter dependency for variable 'lineBuff.val[1]' (core_base.cpp:12).
WARNING: [ANALYSIS 214-52] Found false inter dependency for variable 'lineBuff.val[2]' (core_base.cpp:12).
WARNING: [ANALYSIS 214-52] Found false intra dependency for variable 'lineBuff.val[0]' (core_base.cpp:12).
WARNING: [ANALYSIS 214-52] Found false intra dependency for variable 'lineBuff.val[1]' (core_base.cpp:12).
WARNING: [ANALYSIS 214-52] Found false intra dependency for variable 'lineBuff.val[2]' (core_base.cpp:12).
INFO: [HLS 200-111] Finished Architecture Synthesis Time (s): cpu = 00:00:02 ; elapsed = 00:00:12 . Memory (MB): peak = 249.934 ; gain = 165.238
INFO: [HLS 200-10] Starting hardware synthesis ...
INFO: [HLS 200-10] Synthesizing 'processImage' ...
INFO: [HLS 200-10] ----------------------------------------------------------------
INFO: [HLS 200-42] -- Implementing module 'processImage' 
INFO: [HLS 200-10] ----------------------------------------------------------------
INFO: [SCHED 204-11] Starting scheduling ...
INFO: [SCHED 204-61] Pipelining loop 'Loop 1'.
WARNING: [SCHED 204-68] The II Violation in module 'processImage': Unable to enforce a carried dependence constraint (II = 1, distance = 1, offset = 1)
   between 'load' operation ('lineBuff_val_0_load', core_base.cpp:93->core_base.cpp:42) on array 'lineBuff.val[0]', core_base.cpp:12 and 'store' operation (D:/Setting_code/Xilinx/Vivado/2018.3/common/technology/autopilot/hls/hls_video_mem.h:729->D:/Setting_code/Xilinx/Vivado/2018.3/common/technology/autopilot/hls/hls_video_mem.h:863->core_base.cpp:81->core_base.cpp:39) of variable 'lineBuff_val_1_load', D:/Setting_code/Xilinx/Vivado/2018.3/common/technology/autopilot/hls/hls_video_mem.h:729->D:/Setting_code/Xilinx/Vivado/2018.3/common/technology/autopilot/hls/hls_video_mem.h:863->core_base.cpp:81->core_base.cpp:39 on array 'lineBuff.val[0]', core_base.cpp:12.
WARNING: [SCHED 204-69] Unable to schedule 'load' operation ('lineBuff_val_0_load_1', core_base.cpp:93->core_base.cpp:42) on array 'lineBuff.val[0]', core_base.cpp:12 due to limited memory ports. Please consider using a memory core with more ports or partitioning the array 'lineBuff_val_0'.
INFO: [SCHED 204-61] Pipelining result : Target II = 1, Final II = 3, Depth = 9.
WARNING: [SCHED 204-21] Estimated clock period (10.283ns) exceeds the target (target clock period: 10ns, clock uncertainty: 1.25ns, effective delay budget: 8.75ns).
WARNING: [SCHED 204-21] The critical path in module 'processImage' consists of the following:
	'mul' operation of DSP[169] ('window.val[1][0]', core_base.cpp:94->core_base.cpp:42) [128]  (3.36 ns)
	'add' operation of DSP[169] ('tmp3', core_base.cpp:125->core_base.cpp:47) [169]  (3.02 ns)
	'add' operation ('tmp4', core_base.cpp:125->core_base.cpp:47) [170]  (0 ns)
	'add' operation ('valOutput', core_base.cpp:125->core_base.cpp:47) [171]  (3.9 ns)
INFO: [SCHED 204-11] Finished scheduling.
INFO: [HLS 200-111]  Elapsed time: 11.973 seconds; current allocated memory: 193.113 MB.
INFO: [HLS 200-434] Only 1 loops out of a total 2 loops have been pipelined in this design.
INFO: [BIND 205-100] Starting micro-architecture generation ...
INFO: [BIND 205-101] Performing variable lifetime analysis.
INFO: [BIND 205-101] Exploring resource sharing.
INFO: [BIND 205-101] Binding ...
INFO: [BIND 205-100] Finished micro-architecture generation.
INFO: [HLS 200-111]  Elapsed time: 0.13 seconds; current allocated memory: 193.807 MB.
INFO: [HLS 200-10] ----------------------------------------------------------------
INFO: [HLS 200-10] -- Generating RTL for module 'processImage' 
INFO: [HLS 200-10] ----------------------------------------------------------------
INFO: [RTGEN 206-500] Setting interface mode on port 'processImage/inStream_V_data_V' to 'ap_fifo'.
INFO: [RTGEN 206-500] Setting interface mode on port 'processImage/inStream_V_keep_V' to 'ap_fifo'.
INFO: [RTGEN 206-500] Setting interface mode on port 'processImage/inStream_V_strb_V' to 'ap_fifo'.
INFO: [RTGEN 206-500] Setting interface mode on port 'processImage/inStream_V_user_V' to 'ap_fifo'.
INFO: [RTGEN 206-500] Setting interface mode on port 'processImage/inStream_V_last_V' to 'ap_fifo'.
INFO: [RTGEN 206-500] Setting interface mode on port 'processImage/inStream_V_id_V' to 'ap_fifo'.
INFO: [RTGEN 206-500] Setting interface mode on port 'processImage/inStream_V_dest_V' to 'ap_fifo'.
INFO: [RTGEN 206-500] Setting interface mode on port 'processImage/outStream_V_data_V' to 'ap_fifo'.
INFO: [RTGEN 206-500] Setting interface mode on port 'processImage/outStream_V_keep_V' to 'ap_fifo'.
INFO: [RTGEN 206-500] Setting interface mode on port 'processImage/outStream_V_strb_V' to 'ap_fifo'.
INFO: [RTGEN 206-500] Setting interface mode on port 'processImage/outStream_V_user_V' to 'ap_fifo'.
INFO: [RTGEN 206-500] Setting interface mode on port 'processImage/outStream_V_last_V' to 'ap_fifo'.
INFO: [RTGEN 206-500] Setting interface mode on port 'processImage/outStream_V_id_V' to 'ap_fifo'.
INFO: [RTGEN 206-500] Setting interface mode on port 'processImage/outStream_V_dest_V' to 'ap_fifo'.
INFO: [RTGEN 206-500] Setting interface mode on port 'processImage/kernel_0' to 'ap_none'.
INFO: [RTGEN 206-500] Setting interface mode on port 'processImage/kernel_1' to 'ap_none'.
INFO: [RTGEN 206-500] Setting interface mode on port 'processImage/kernel_2' to 'ap_none'.
INFO: [RTGEN 206-500] Setting interface mode on port 'processImage/kernel_3' to 'ap_none'.
INFO: [RTGEN 206-500] Setting interface mode on port 'processImage/kernel_4' to 'ap_none'.
INFO: [RTGEN 206-500] Setting interface mode on port 'processImage/kernel_5' to 'ap_none'.
INFO: [RTGEN 206-500] Setting interface mode on port 'processImage/kernel_6' to 'ap_none'.
INFO: [RTGEN 206-500] Setting interface mode on port 'processImage/kernel_7' to 'ap_none'.
INFO: [RTGEN 206-500] Setting interface mode on port 'processImage/kernel_8' to 'ap_none'.
INFO: [RTGEN 206-500] Setting interface mode on function 'processImage' to 'ap_ctrl_hs'.
INFO: [SYN 201-210] Renamed object name 'processImage_lineBuff_val_0' to 'processImage_linebkb' due to the length limit 20
INFO: [SYN 201-210] Renamed object name 'processImage_lineBuff_val_1' to 'processImage_linecud' due to the length limit 20
INFO: [SYN 201-210] Renamed object name 'processImage_lineBuff_val_2' to 'processImage_linedEe' due to the length limit 20
INFO: [SYN 201-210] Renamed object name 'processImage_mac_muladd_8s_8ns_16ns_16_1_1' to 'processImage_mac_eOg' due to the length limit 20
INFO: [SYN 201-210] Renamed object name 'processImage_mac_muladd_8s_8ns_16s_16_1_1' to 'processImage_mac_fYi' due to the length limit 20
INFO: [RTGEN 206-100] Generating core module 'processImage_mac_eOg': 4 instance(s).
INFO: [RTGEN 206-100] Generating core module 'processImage_mac_fYi': 1 instance(s).
INFO: [RTGEN 206-100] Finished creating RTL model for 'processImage'.
INFO: [HLS 200-111]  Elapsed time: 0.455 seconds; current allocated memory: 195.061 MB.
INFO: [RTMG 210-278] Implementing memory 'processImage_linebkb_ram (RAM)' using block RAMs.
INFO: [HLS 200-111] Finished generating all RTL models Time (s): cpu = 00:00:03 ; elapsed = 00:00:14 . Memory (MB): peak = 253.523 ; gain = 168.828
INFO: [SYSC 207-301] Generating SystemC RTL for processImage.
INFO: [VHDL 208-304] Generating VHDL RTL for processImage.
INFO: [VLOG 209-307] Generating Verilog RTL for processImage.
INFO: [HLS 200-112] Total elapsed time: 13.693 seconds; peak allocated memory: 195.061 MB.
==============================================================
File generated on Wed Dec 18 02:22:26 +0700 2024
Vivado(TM) HLS - High-Level Synthesis from C, C++ and SystemC v2018.3 (64-bit)
SW Build 2405991 on Thu Dec  6 23:38:27 MST 2018
IP Build 2404404 on Fri Dec  7 01:43:56 MST 2018
Copyright 1986-2018 Xilinx, Inc. All Rights Reserved.
==============================================================
INFO: [SYN 201-201] Setting up clock 'default' with a period of 10ns.
INFO: [HLS 200-10] Setting target device to 'xc7z020clg484-1'
INFO: [SCHED 204-61] Option 'relax_ii_for_timing' is enabled, will increase II to preserve clock frequency constraints.
INFO: [HLS 200-10] Analyzing design file 'core_base.cpp' ... 
INFO: [HLS 200-111] Finished Linking Time (s): cpu = 00:00:01 ; elapsed = 00:00:09 . Memory (MB): peak = 103.004 ; gain = 17.926
INFO: [HLS 200-111] Finished Checking Pragmas Time (s): cpu = 00:00:01 ; elapsed = 00:00:09 . Memory (MB): peak = 103.004 ; gain = 17.926
INFO: [HLS 200-10] Starting code transformations ...
INFO: [XFORM 203-603] Inlining function 'hls::LineBuffer<3, 512, unsigned char, 0>::shift_pixels_up' into 'hls::LineBuffer<3, 512, unsigned char, 0>::shift_up' (D:/Setting_code/Xilinx/Vivado/2018.3/common/technology/autopilot/hls/hls_video_mem.h:863).
INFO: [XFORM 203-603] Inlining function 'hls::LineBuffer<3, 512, unsigned char, 0>::shift_up' into 'updateLineBuffer' (core_base.cpp:81).
INFO: [XFORM 203-603] Inlining function 'hls::LineBuffer<3, 512, unsigned char, 0>::insert_bottom_row' into 'hls::LineBuffer<3, 512, unsigned char, 0>::insert_top' (D:/Setting_code/Xilinx/Vivado/2018.3/common/technology/autopilot/hls/hls_video_mem.h:883).
INFO: [XFORM 203-603] Inlining function 'hls::LineBuffer<3, 512, unsigned char, 0>::insert_top' into 'updateLineBuffer' (core_base.cpp:82).
INFO: [XFORM 203-603] Inlining function 'updateLineBuffer' into 'processImage' (core_base.cpp:39).
INFO: [XFORM 203-603] Inlining function 'hls::LineBuffer<3, 512, unsigned char, 0>::getval' into 'updateWindow' (core_base.cpp:93).
INFO: [XFORM 203-603] Inlining function 'hls::Window<3, 3, short>::insert_pixel' into 'hls::Window<3, 3, short>::insert' (D:/Setting_code/Xilinx/Vivado/2018.3/common/technology/autopilot/hls/hls_video_mem.h:573).
INFO: [XFORM 203-603] Inlining function 'hls::Window<3, 3, short>::insert' into 'updateWindow' (core_base.cpp:95).
INFO: [XFORM 203-603] Inlining function 'updateWindow' into 'processImage' (core_base.cpp:42).
INFO: [XFORM 203-603] Inlining function 'hls::Window<3, 3, short>::getval' into 'sumWindow' (core_base.cpp:125).
INFO: [XFORM 203-603] Inlining function 'sendOutputData' into 'processImage' (core_base.cpp:72).
INFO: [XFORM 203-603] Inlining function 'sendOutputData' into 'processImage' (core_base.cpp:65).
INFO: [HLS 200-111] Finished Standard Transforms Time (s): cpu = 00:00:01 ; elapsed = 00:00:10 . Memory (MB): peak = 147.180 ; gain = 62.102
INFO: [HLS 200-10] Checking synthesizability ...
INFO: [XFORM 203-602] Inlining function 'sumWindow' into 'processImage' (core_base.cpp:47) automatically.
INFO: [HLS 200-111] Finished Checking Synthesizability Time (s): cpu = 00:00:01 ; elapsed = 00:00:10 . Memory (MB): peak = 180.688 ; gain = 95.609
INFO: [XFORM 203-502] Unrolling all loops for pipelining in function 'sumWindow' (core_base.cpp:119).
INFO: [XFORM 203-502] Unrolling all sub-loops inside loop 'Loop-1' (core_base.cpp:31) in function 'processImage' for pipelining.
INFO: [HLS 200-489] Unrolling loop 'Loop-1' (core_base.cpp:122) in function 'sumWindow' completely with a factor of 3.
INFO: [HLS 200-489] Unrolling loop 'Loop-1.1' (core_base.cpp:123) in function 'sumWindow' completely with a factor of 3.
INFO: [HLS 200-489] Unrolling loop 'Loop-1.1' (D:/Setting_code/Xilinx/Vivado/2018.3/common/technology/autopilot/hls/hls_video_mem.h:727) in function 'processImage' completely with a factor of 2.
INFO: [HLS 200-489] Unrolling loop 'Loop-1.2' (core_base.cpp:90) in function 'processImage' completely with a factor of 3.
INFO: [HLS 200-489] Unrolling loop 'Loop-1.2.1' (core_base.cpp:91) in function 'processImage' completely with a factor of 3.
INFO: [XFORM 203-101] Partitioning array 'lineBuff.val' (core_base.cpp:12) in dimension 1 completely.
INFO: [XFORM 203-101] Partitioning array 'window.val' (core_base.cpp:13) in dimension 1 completely.
INFO: [XFORM 203-101] Partitioning array 'kernel' (core_base.cpp:9) in dimension 1 completely.
INFO: [XFORM 203-101] Partitioning array 'window.val' (core_base.cpp:13) in dimension 2 completely.
INFO: [XFORM 203-602] Inlining function 'sumWindow' into 'processImage' (core_base.cpp:47) automatically.
INFO: [XFORM 203-401] Performing if-conversion on hyperblock from (core_base.cpp:31:62) to (core_base.cpp:64:9) in function 'processImage'... converting 3 basic blocks.
INFO: [XFORM 203-11] Balancing expressions in function 'processImage' (core_base.cpp:7)...15 expression(s) balanced.
INFO: [HLS 200-111] Finished Pre-synthesis Time (s): cpu = 00:00:02 ; elapsed = 00:00:11 . Memory (MB): peak = 239.031 ; gain = 153.953
WARNING: [ANALYSIS 214-52] Found false inter dependency for variable 'lineBuff.val[2]' (core_base.cpp:12).
WARNING: [ANALYSIS 214-52] Found false inter dependency for variable 'lineBuff.val[0]' (core_base.cpp:12).
WARNING: [ANALYSIS 214-52] Found false inter dependency for variable 'lineBuff.val[1]' (core_base.cpp:12).
WARNING: [ANALYSIS 214-52] Found false intra dependency for variable 'lineBuff.val[2]' (core_base.cpp:12).
WARNING: [ANALYSIS 214-52] Found false intra dependency for variable 'lineBuff.val[0]' (core_base.cpp:12).
WARNING: [ANALYSIS 214-52] Found false intra dependency for variable 'lineBuff.val[1]' (core_base.cpp:12).
INFO: [HLS 200-111] Finished Architecture Synthesis Time (s): cpu = 00:00:02 ; elapsed = 00:00:11 . Memory (MB): peak = 250.703 ; gain = 165.625
INFO: [HLS 200-10] Starting hardware synthesis ...
INFO: [HLS 200-10] Synthesizing 'processImage' ...
INFO: [HLS 200-10] ----------------------------------------------------------------
INFO: [HLS 200-42] -- Implementing module 'processImage' 
INFO: [HLS 200-10] ----------------------------------------------------------------
INFO: [SCHED 204-11] Starting scheduling ...
INFO: [SCHED 204-61] Pipelining loop 'Loop 1'.
WARNING: [SCHED 204-68] The II Violation in module 'processImage': Unable to enforce a carried dependence constraint (II = 1, distance = 1, offset = 1)
   between 'load' operation ('lineBuff_val_0_load', core_base.cpp:93->core_base.cpp:42) on array 'lineBuff.val[0]', core_base.cpp:12 and 'store' operation (D:/Setting_code/Xilinx/Vivado/2018.3/common/technology/autopilot/hls/hls_video_mem.h:729->D:/Setting_code/Xilinx/Vivado/2018.3/common/technology/autopilot/hls/hls_video_mem.h:863->core_base.cpp:81->core_base.cpp:39) of variable 'lineBuff_val_1_load', D:/Setting_code/Xilinx/Vivado/2018.3/common/technology/autopilot/hls/hls_video_mem.h:729->D:/Setting_code/Xilinx/Vivado/2018.3/common/technology/autopilot/hls/hls_video_mem.h:863->core_base.cpp:81->core_base.cpp:39 on array 'lineBuff.val[0]', core_base.cpp:12.
WARNING: [SCHED 204-69] Unable to schedule 'load' operation ('lineBuff_val_0_load_1', core_base.cpp:93->core_base.cpp:42) on array 'lineBuff.val[0]', core_base.cpp:12 due to limited memory ports. Please consider using a memory core with more ports or partitioning the array 'lineBuff_val_0'.
INFO: [SCHED 204-61] Pipelining result : Target II = 1, Final II = 3, Depth = 9.
WARNING: [SCHED 204-21] Estimated clock period (10.283ns) exceeds the target (target clock period: 10ns, clock uncertainty: 1.25ns, effective delay budget: 8.75ns).
WARNING: [SCHED 204-21] The critical path in module 'processImage' consists of the following:
	'mul' operation of DSP[169] ('window.val[1][0]', core_base.cpp:94->core_base.cpp:42) [128]  (3.36 ns)
	'add' operation of DSP[169] ('tmp3', core_base.cpp:125->core_base.cpp:47) [169]  (3.02 ns)
	'add' operation ('tmp4', core_base.cpp:125->core_base.cpp:47) [170]  (0 ns)
	'add' operation ('valOutput', core_base.cpp:125->core_base.cpp:47) [171]  (3.9 ns)
INFO: [SCHED 204-11] Finished scheduling.
INFO: [HLS 200-111]  Elapsed time: 11.517 seconds; current allocated memory: 193.113 MB.
INFO: [HLS 200-434] Only 1 loops out of a total 2 loops have been pipelined in this design.
INFO: [BIND 205-100] Starting micro-architecture generation ...
INFO: [BIND 205-101] Performing variable lifetime analysis.
INFO: [BIND 205-101] Exploring resource sharing.
INFO: [BIND 205-101] Binding ...
INFO: [BIND 205-100] Finished micro-architecture generation.
INFO: [HLS 200-111]  Elapsed time: 0.126 seconds; current allocated memory: 193.807 MB.
INFO: [HLS 200-10] ----------------------------------------------------------------
INFO: [HLS 200-10] -- Generating RTL for module 'processImage' 
INFO: [HLS 200-10] ----------------------------------------------------------------
INFO: [RTGEN 206-500] Setting interface mode on port 'processImage/inStream_V_data_V' to 'ap_fifo'.
INFO: [RTGEN 206-500] Setting interface mode on port 'processImage/inStream_V_keep_V' to 'ap_fifo'.
INFO: [RTGEN 206-500] Setting interface mode on port 'processImage/inStream_V_strb_V' to 'ap_fifo'.
INFO: [RTGEN 206-500] Setting interface mode on port 'processImage/inStream_V_user_V' to 'ap_fifo'.
INFO: [RTGEN 206-500] Setting interface mode on port 'processImage/inStream_V_last_V' to 'ap_fifo'.
INFO: [RTGEN 206-500] Setting interface mode on port 'processImage/inStream_V_id_V' to 'ap_fifo'.
INFO: [RTGEN 206-500] Setting interface mode on port 'processImage/inStream_V_dest_V' to 'ap_fifo'.
INFO: [RTGEN 206-500] Setting interface mode on port 'processImage/outStream_V_data_V' to 'ap_fifo'.
INFO: [RTGEN 206-500] Setting interface mode on port 'processImage/outStream_V_keep_V' to 'ap_fifo'.
INFO: [RTGEN 206-500] Setting interface mode on port 'processImage/outStream_V_strb_V' to 'ap_fifo'.
INFO: [RTGEN 206-500] Setting interface mode on port 'processImage/outStream_V_user_V' to 'ap_fifo'.
INFO: [RTGEN 206-500] Setting interface mode on port 'processImage/outStream_V_last_V' to 'ap_fifo'.
INFO: [RTGEN 206-500] Setting interface mode on port 'processImage/outStream_V_id_V' to 'ap_fifo'.
INFO: [RTGEN 206-500] Setting interface mode on port 'processImage/outStream_V_dest_V' to 'ap_fifo'.
INFO: [RTGEN 206-500] Setting interface mode on port 'processImage/kernel_0' to 'ap_none'.
INFO: [RTGEN 206-500] Setting interface mode on port 'processImage/kernel_1' to 'ap_none'.
INFO: [RTGEN 206-500] Setting interface mode on port 'processImage/kernel_2' to 'ap_none'.
INFO: [RTGEN 206-500] Setting interface mode on port 'processImage/kernel_3' to 'ap_none'.
INFO: [RTGEN 206-500] Setting interface mode on port 'processImage/kernel_4' to 'ap_none'.
INFO: [RTGEN 206-500] Setting interface mode on port 'processImage/kernel_5' to 'ap_none'.
INFO: [RTGEN 206-500] Setting interface mode on port 'processImage/kernel_6' to 'ap_none'.
INFO: [RTGEN 206-500] Setting interface mode on port 'processImage/kernel_7' to 'ap_none'.
INFO: [RTGEN 206-500] Setting interface mode on port 'processImage/kernel_8' to 'ap_none'.
INFO: [RTGEN 206-500] Setting interface mode on function 'processImage' to 'ap_ctrl_hs'.
INFO: [SYN 201-210] Renamed object name 'processImage_lineBuff_val_0' to 'processImage_linebkb' due to the length limit 20
INFO: [SYN 201-210] Renamed object name 'processImage_lineBuff_val_1' to 'processImage_linecud' due to the length limit 20
INFO: [SYN 201-210] Renamed object name 'processImage_lineBuff_val_2' to 'processImage_linedEe' due to the length limit 20
INFO: [SYN 201-210] Renamed object name 'processImage_mac_muladd_8s_8ns_16ns_16_1_1' to 'processImage_mac_eOg' due to the length limit 20
INFO: [SYN 201-210] Renamed object name 'processImage_mac_muladd_8s_8ns_16s_16_1_1' to 'processImage_mac_fYi' due to the length limit 20
INFO: [RTGEN 206-100] Generating core module 'processImage_mac_eOg': 4 instance(s).
INFO: [RTGEN 206-100] Generating core module 'processImage_mac_fYi': 1 instance(s).
INFO: [RTGEN 206-100] Finished creating RTL model for 'processImage'.
INFO: [HLS 200-111]  Elapsed time: 0.406 seconds; current allocated memory: 195.061 MB.
INFO: [RTMG 210-278] Implementing memory 'processImage_linebkb_ram (RAM)' using block RAMs.
INFO: [HLS 200-111] Finished generating all RTL models Time (s): cpu = 00:00:03 ; elapsed = 00:00:13 . Memory (MB): peak = 253.117 ; gain = 168.039
INFO: [SYSC 207-301] Generating SystemC RTL for processImage.
INFO: [VHDL 208-304] Generating VHDL RTL for processImage.
INFO: [VLOG 209-307] Generating Verilog RTL for processImage.
INFO: [HLS 200-112] Total elapsed time: 13.157 seconds; peak allocated memory: 195.061 MB.
==============================================================
File generated on Wed Dec 18 20:42:37 +0700 2024
Vivado(TM) HLS - High-Level Synthesis from C, C++ and SystemC v2018.3 (64-bit)
SW Build 2405991 on Thu Dec  6 23:38:27 MST 2018
IP Build 2404404 on Fri Dec  7 01:43:56 MST 2018
Copyright 1986-2018 Xilinx, Inc. All Rights Reserved.
==============================================================
INFO: [SYN 201-201] Setting up clock 'default' with a period of 10ns.
INFO: [HLS 200-10] Setting target device to 'xc7z020clg484-1'
INFO: [IMPL 213-8] Exporting RTL as a Vivado IP.
ERROR: [IMPL 213-28] Failed to generate IP.
==============================================================
File generated on Wed Dec 18 20:43:14 +0700 2024
Vivado(TM) HLS - High-Level Synthesis from C, C++ and SystemC v2018.3 (64-bit)
SW Build 2405991 on Thu Dec  6 23:38:27 MST 2018
IP Build 2404404 on Fri Dec  7 01:43:56 MST 2018
Copyright 1986-2018 Xilinx, Inc. All Rights Reserved.
==============================================================
INFO: [SYN 201-201] Setting up clock 'default' with a period of 10ns.
INFO: [HLS 200-10] Setting target device to 'xc7z020clg484-1'
INFO: [IMPL 213-8] Exporting RTL as a Vivado IP.
