

================================================================
== Vivado HLS Report for 'processImage'
================================================================
* Date:           Thu Dec 12 17:25:18 2024

* Version:        2018.3 (Build 2405991 on Thu Dec 06 23:56:15 MST 2018)
* Project:        final
* Solution:       solution1
* Product family: zynq
* Target device:  xc7z020clg484-1


================================================================
== Performance Estimates
================================================================
+ Timing (ns): 
    * Summary: 
    +--------+-------+----------+------------+
    |  Clock | Target| Estimated| Uncertainty|
    +--------+-------+----------+------------+
    |ap_clk  |  10.00|     8.397|        1.25|
    +--------+-------+----------+------------+

+ Latency (clock cycles): 
    * Summary: 
    +---------+---------+---------+---------+---------+
    |      Latency      |      Interval     | Pipeline|
    |   min   |   max   |   min   |   max   |   Type  |
    +---------+---------+---------+---------+---------+
    |  1311240|  1311240|  1311240|  1311240|   none  |
    +---------+---------+---------+---------+---------+

    + Detail: 
        * Instance: 
        N/A

        * Loop: 
        +----------+---------+---------+----------+-----------+-----------+--------+----------+
        |          |      Latency      | Iteration|  Initiation Interval  |  Trip  |          |
        | Loop Name|   min   |   max   |  Latency |  achieved |   target  |  Count | Pipelined|
        +----------+---------+---------+----------+-----------+-----------+--------+----------+
        |- Loop 1  |  1310724|  1310724|        10|          5|          1|  262144|    yes   |
        |- Loop 2  |      513|      513|         1|          -|          -|     513|    no    |
        +----------+---------+---------+----------+-----------+-----------+--------+----------+



================================================================
== Utilization Estimates
================================================================
* Summary: 
+-----------------+---------+-------+--------+-------+
|       Name      | BRAM_18K| DSP48E|   FF   |  LUT  |
+-----------------+---------+-------+--------+-------+
|DSP              |        -|      -|       -|      -|
|Expression       |        -|      0|       0|   1508|
|FIFO             |        -|      -|       -|      -|
|Instance         |        -|      -|       -|      -|
|Memory           |        3|      -|       0|      0|
|Multiplexer      |        -|      -|       -|    536|
|Register         |        -|      -|     762|      -|
+-----------------+---------+-------+--------+-------+
|Total            |        3|      0|     762|   2044|
+-----------------+---------+-------+--------+-------+
|Available        |      280|    220|  106400|  53200|
+-----------------+---------+-------+--------+-------+
|Utilization (%)  |        1|      0|   ~0   |      3|
+-----------------+---------+-------+--------+-------+

+ Detail: 
    * Instance: 
    N/A

    * DSP48: 
    N/A

    * Memory: 
    +------------------+----------------------+---------+---+----+------+-----+------+-------------+
    |      Memory      |        Module        | BRAM_18K| FF| LUT| Words| Bits| Banks| W*Bits*Banks|
    +------------------+----------------------+---------+---+----+------+-----+------+-------------+
    |lineBuff_val_0_U  |processImage_linebkb  |        1|  0|   0|   512|    8|     1|         4096|
    |lineBuff_val_1_U  |processImage_linebkb  |        1|  0|   0|   512|    8|     1|         4096|
    |lineBuff_val_2_U  |processImage_linebkb  |        1|  0|   0|   512|    8|     1|         4096|
    +------------------+----------------------+---------+---+----+------+-----+------+-------------+
    |Total             |                      |        3|  0|   0|  1536|   24|     3|        12288|
    +------------------+----------------------+---------+---+----+------+-----+------+-------------+

    * FIFO: 
    N/A

    * Expression: 
    +-----------------------------------+----------+-------+---+----+------------+------------+
    |           Variable Name           | Operation| DSP48E| FF| LUT| Bitwidth P0| Bitwidth P1|
    +-----------------------------------+----------+-------+---+----+------------+------------+
    |window_val_0_0_fu_806_p2           |     *    |      0|  0|  41|           8|           8|
    |window_val_0_1_fu_820_p2           |     *    |      0|  0|  41|           8|           8|
    |window_val_0_2_fu_855_p2           |     *    |      0|  0|  41|           8|           8|
    |window_val_1_0_fu_869_p2           |     *    |      0|  0|  41|           8|           8|
    |window_val_1_1_fu_1085_p2          |     *    |      0|  0|  41|           8|           8|
    |window_val_1_2_fu_1099_p2          |     *    |      0|  0|  41|           8|           8|
    |window_val_2_0_fu_977_p2           |     *    |      0|  0|  41|           8|           8|
    |window_val_2_1_fu_990_p2           |     *    |      0|  0|  41|           8|           8|
    |window_val_2_2_fu_1183_p2          |     *    |      0|  0|  41|           8|           8|
    |col_assign_0_2_i_fu_826_p2         |     +    |      0|  0|  39|           2|          32|
    |countWait_2_fu_1422_p2             |     +    |      0|  0|  14|          10|           1|
    |idxCol_fu_950_p2                   |     +    |      0|  0|  39|           1|          32|
    |idxRow_2_fu_1328_p2                |     +    |      0|  0|  39|           1|          32|
    |phitmp_fu_964_p2                   |     +    |      0|  0|  26|          19|           1|
    |pixConvolved_fu_785_p2             |     +    |      0|  0|  39|           1|          32|
    |tmp1_fu_996_p2                     |     +    |      0|  0|  23|          16|          16|
    |tmp2_fu_1105_p2                    |     +    |      0|  0|  16|          16|          16|
    |tmp3_fu_1111_p2                    |     +    |      0|  0|  16|          16|          16|
    |tmp4_fu_913_p2                     |     +    |      0|  0|  23|          16|          16|
    |tmp5_fu_1189_p2                    |     +    |      0|  0|  16|          16|          16|
    |tmp6_fu_1194_p2                    |     +    |      0|  0|  16|          16|          16|
    |tmp7_fu_1271_p2                    |     +    |      0|  0|  16|          16|          16|
    |valOutput_fu_1275_p2               |     +    |      0|  0|  16|          16|          16|
    |p_neg_i_fu_1292_p2                 |     -    |      0|  0|  24|           1|          17|
    |tmp_6_i_fu_1322_p2                 |     -    |      0|  0|  21|           1|          15|
    |ap_block_pp0_stage1_11001          |    and   |      0|  0|   2|           1|           1|
    |ap_block_pp0_stage4_01001          |    and   |      0|  0|   2|           1|           1|
    |ap_block_state11_pp0_stage4_iter1  |    and   |      0|  0|   2|           1|           1|
    |ap_block_state13                   |    and   |      0|  0|   2|           1|           1|
    |ap_block_state3_pp0_stage1_iter0   |    and   |      0|  0|   2|           1|           1|
    |inStream_V_id_V0_status            |    and   |      0|  0|   2|           1|           1|
    |or_cond_fu_907_p2                  |    and   |      0|  0|   2|           1|           1|
    |outStream_V_id_V1_status           |    and   |      0|  0|   2|           1|           1|
    |sel_tmp3_fu_932_p2                 |    and   |      0|  0|   2|           1|           1|
    |sel_tmp6_fu_1148_p2                |    and   |      0|  0|   2|           1|           1|
    |sel_tmp9_fu_1158_p2                |    and   |      0|  0|   2|           1|           1|
    |exitcond2_fu_735_p2                |   icmp   |      0|  0|  18|          19|          19|
    |exitcond_fu_1416_p2                |   icmp   |      0|  0|  13|          10|          10|
    |icmp4_fu_901_p2                    |   icmp   |      0|  0|  18|          31|           1|
    |icmp_fu_885_p2                     |   icmp   |      0|  0|  18|          31|           1|
    |sel_tmp2_fu_717_p2                 |   icmp   |      0|  0|  18|          32|           1|
    |sel_tmp5_fu_723_p2                 |   icmp   |      0|  0|  18|          32|           1|
    |sel_tmp8_fu_729_p2                 |   icmp   |      0|  0|  18|          32|           2|
    |tmp_29_0_1_i_i_fu_1002_p2          |   icmp   |      0|  0|  11|           8|           8|
    |tmp_29_0_2_i_i_fu_1012_p2          |   icmp   |      0|  0|  11|           8|           8|
    |tmp_29_1_1_i_i_fu_1120_p2          |   icmp   |      0|  0|  11|           8|           8|
    |tmp_29_1_2_i_i_fu_1199_p2          |   icmp   |      0|  0|  11|           8|           8|
    |tmp_29_1_i_i_fu_1024_p2            |   icmp   |      0|  0|  11|           8|           8|
    |tmp_29_2_1_i_i_fu_1221_p2          |   icmp   |      0|  0|  11|           8|           8|
    |tmp_29_2_2_i_i_fu_1374_p2          |   icmp   |      0|  0|  11|           8|           8|
    |tmp_29_2_i_i_fu_1209_p2            |   icmp   |      0|  0|  11|           8|           8|
    |tmp_2_fu_944_p2                    |   icmp   |      0|  0|  18|          32|           9|
    |tmp_35_0_1_i_i_fu_1044_p2          |   icmp   |      0|  0|  11|           8|           8|
    |tmp_35_0_2_i_i_fu_1054_p2          |   icmp   |      0|  0|  11|           8|           8|
    |tmp_35_1_1_i_i_fu_1136_p2          |   icmp   |      0|  0|  11|           8|           8|
    |tmp_35_1_2_i_i_fu_1237_p2          |   icmp   |      0|  0|  11|           8|           8|
    |tmp_35_1_i_i_fu_1066_p2            |   icmp   |      0|  0|  11|           8|           8|
    |tmp_35_2_1_i_i_fu_1259_p2          |   icmp   |      0|  0|  11|           8|           8|
    |tmp_35_2_2_i_i_fu_1384_p2          |   icmp   |      0|  0|  11|           8|           8|
    |tmp_35_2_i_i_fu_1247_p2            |   icmp   |      0|  0|  11|           8|           8|
    |tmp_3_fu_747_p2                    |   icmp   |      0|  0|  18|          19|          10|
    |idxCol_1_fu_956_p3                 |  select  |      0|  0|  32|           1|          32|
    |idxRow_1_fu_1334_p3                |  select  |      0|  0|  32|           1|          32|
    |p_i_fu_1366_p3                     |  select  |      0|  0|   8|           1|           1|
    |pixConvolved_1_fu_1162_p3          |  select  |      0|  0|  32|           1|          32|
    |pixConvolved_2_fu_1169_p3          |  select  |      0|  0|  32|           1|          32|
    |sel_tmp10_fu_1401_p3               |  select  |      0|  0|   8|           1|           8|
    |sel_tmp1_fu_925_p3                 |  select  |      0|  0|  32|           1|          32|
    |sel_tmp4_fu_937_p3                 |  select  |      0|  0|  32|           1|          32|
    |sel_tmp7_fu_1152_p3                |  select  |      0|  0|  32|           1|          32|
    |sel_tmp_fu_1394_p3                 |  select  |      0|  0|   8|           1|           8|
    |tmp_data_V_fu_1408_p3              |  select  |      0|  0|   8|           1|           8|
    |valInWindow_0_maxVal_1_fu_1059_p3  |  select  |      0|  0|   8|           1|           8|
    |valInWindow_0_maxVal_2_fu_1071_p3  |  select  |      0|  0|   8|           1|           8|
    |valInWindow_0_maxVal_3_fu_1141_p3  |  select  |      0|  0|   8|           1|           8|
    |valInWindow_0_maxVal_4_fu_1241_p3  |  select  |      0|  0|   8|           1|           8|
    |valInWindow_0_maxVal_5_fu_1252_p3  |  select  |      0|  0|   8|           1|           8|
    |valInWindow_0_maxVal_6_fu_1264_p3  |  select  |      0|  0|   8|           1|           8|
    |valInWindow_0_maxVal_7_fu_1388_p3  |  select  |      0|  0|   8|           1|           8|
    |valInWindow_0_maxVal_fu_1048_p3    |  select  |      0|  0|   8|           1|           8|
    |valInWindow_0_minVal_1_fu_1017_p3  |  select  |      0|  0|   8|           1|           8|
    |valInWindow_0_minVal_2_fu_1029_p3  |  select  |      0|  0|   8|           1|           8|
    |valInWindow_0_minVal_3_fu_1125_p3  |  select  |      0|  0|   8|           1|           8|
    |valInWindow_0_minVal_4_fu_1203_p3  |  select  |      0|  0|   8|           1|           8|
    |valInWindow_0_minVal_5_fu_1214_p3  |  select  |      0|  0|   8|           1|           8|
    |valInWindow_0_minVal_6_fu_1226_p3  |  select  |      0|  0|   8|           1|           8|
    |valInWindow_0_minVal_7_fu_1378_p3  |  select  |      0|  0|   8|           1|           8|
    |valInWindow_0_minVal_fu_1006_p3    |  select  |      0|  0|   8|           1|           8|
    |valOutput_1_fu_1348_p3             |  select  |      0|  0|  15|           1|          15|
    |ap_enable_pp0                      |    xor   |      0|  0|   2|           1|           2|
    +-----------------------------------+----------+-------+---+----+------------+------------+
    |Total                              |          |      0|  0|1508|         642|         949|
    +-----------------------------------+----------+-------+---+----+------------+------------+

    * Multiplexer: 
    +----------------------------------------------+----+-----------+-----+-----------+
    |                     Name                     | LUT| Input Size| Bits| Total Bits|
    +----------------------------------------------+----+-----------+-----+-----------+
    |ap_NS_fsm                                     |  44|          9|    1|          9|
    |ap_enable_reg_pp0_iter1                       |   9|          2|    1|          2|
    |ap_phi_mux_countWait_phi_fu_677_p4            |   9|          2|   19|         38|
    |ap_phi_mux_idxCol_assign_phi_fu_641_p4        |   9|          2|   32|         64|
    |ap_phi_mux_idxRow_phi_fu_653_p4               |   9|          2|   32|         64|
    |ap_phi_mux_pixConvolved_assign_phi_fu_665_p4  |   9|          2|   32|         64|
    |countWait_1_reg_685                           |   9|          2|   10|         20|
    |countWait_reg_673                             |   9|          2|   19|         38|
    |idxCol_assign_reg_637                         |   9|          2|   32|         64|
    |idxRow_reg_649                                |   9|          2|   32|         64|
    |inStream_V_data_V_blk_n                       |   9|          2|    1|          2|
    |inStream_V_dest_V_blk_n                       |   9|          2|    1|          2|
    |inStream_V_id_V_blk_n                         |   9|          2|    1|          2|
    |inStream_V_keep_V_blk_n                       |   9|          2|    1|          2|
    |inStream_V_last_V_blk_n                       |   9|          2|    1|          2|
    |inStream_V_strb_V_blk_n                       |   9|          2|    1|          2|
    |inStream_V_user_V_blk_n                       |   9|          2|    1|          2|
    |kernel_address0                               |  33|          6|    4|         24|
    |kernel_address1                               |  27|          5|    4|         20|
    |lineBuff_val_0_address0                       |  15|          3|    9|         27|
    |lineBuff_val_0_address1                       |  15|          3|    9|         27|
    |lineBuff_val_1_address0                       |  21|          4|    9|         36|
    |lineBuff_val_1_address1                       |  15|          3|    9|         27|
    |lineBuff_val_2_address0                       |  21|          4|    9|         36|
    |lineBuff_val_2_address1                       |  15|          3|    9|         27|
    |outStream_V_data_V_blk_n                      |   9|          2|    1|          2|
    |outStream_V_data_V_din                        |  15|          3|    8|         24|
    |outStream_V_dest_V_blk_n                      |   9|          2|    1|          2|
    |outStream_V_dest_V_din                        |  15|          3|    6|         18|
    |outStream_V_id_V_blk_n                        |   9|          2|    1|          2|
    |outStream_V_id_V_din                          |  15|          3|    5|         15|
    |outStream_V_keep_V_blk_n                      |   9|          2|    1|          2|
    |outStream_V_keep_V_din                        |  15|          3|    1|          3|
    |outStream_V_last_V_blk_n                      |   9|          2|    1|          2|
    |outStream_V_last_V_din                        |  15|          3|    1|          3|
    |outStream_V_strb_V_blk_n                      |   9|          2|    1|          2|
    |outStream_V_strb_V_din                        |  15|          3|    1|          3|
    |outStream_V_user_V_blk_n                      |   9|          2|    1|          2|
    |outStream_V_user_V_din                        |  15|          3|    2|          6|
    |pixConvolved_assign_reg_661                   |   9|          2|   32|         64|
    |reg_712                                       |   9|          2|    8|         16|
    +----------------------------------------------+----+-----------+-----+-----------+
    |Total                                         | 536|        111|  350|        831|
    +----------------------------------------------+----+-----------+-----+-----------+

    * Register: 
    +-----------------------------------+----+----+-----+-----------+
    |                Name               | FF | LUT| Bits| Const Bits|
    +-----------------------------------+----+----+-----+-----------+
    |ap_CS_fsm                          |   8|   0|    8|          0|
    |ap_enable_reg_pp0_iter0            |   1|   0|    1|          0|
    |ap_enable_reg_pp0_iter1            |   1|   0|    1|          0|
    |countWait_1_reg_685                |  10|   0|   10|          0|
    |countWait_reg_673                  |  19|   0|   19|          0|
    |exitcond2_reg_1488                 |   1|   0|    1|          0|
    |exitcond2_reg_1488_pp0_iter1_reg   |   1|   0|    1|          0|
    |idxCol_1_reg_1693                  |  32|   0|   32|          0|
    |idxCol_assign_reg_637              |  32|   0|   32|          0|
    |idxRow_1_reg_1816                  |  32|   0|   32|          0|
    |idxRow_reg_649                     |  32|   0|   32|          0|
    |lineBuff_val_1_addr_reg_1497       |   9|   0|    9|          0|
    |lineBuff_val_1_load_2_reg_1594     |   8|   0|    8|          0|
    |lineBuff_val_2_addr_reg_1502       |   9|   0|    9|          0|
    |lineBuff_val_2_load_1_reg_1604     |   8|   0|    8|          0|
    |lineBuff_val_2_load_2_reg_1609     |   8|   0|    8|          0|
    |lineBuff_val_2_load_3_reg_1645     |   8|   0|    8|          0|
    |or_cond_reg_1650                   |   1|   0|    1|          0|
    |phitmp_reg_1698                    |  19|   0|   19|          0|
    |pixConvolved_2_reg_1771            |  32|   0|   32|          0|
    |pixConvolved_assign_reg_661        |  32|   0|   32|          0|
    |pixConvolved_reg_1546              |  32|   0|   32|          0|
    |reg_696                            |   8|   0|    8|          0|
    |reg_700                            |   8|   0|    8|          0|
    |reg_704                            |   8|   0|    8|          0|
    |reg_708                            |   8|   0|    8|          0|
    |reg_712                            |   8|   0|    8|          0|
    |sel_tmp2_reg_1473                  |   1|   0|    1|          0|
    |sel_tmp3_reg_1677                  |   1|   0|    1|          0|
    |sel_tmp4_reg_1682                  |  32|   0|   32|          0|
    |sel_tmp5_reg_1478                  |   1|   0|    1|          0|
    |sel_tmp6_reg_1761                  |   1|   0|    1|          0|
    |sel_tmp8_reg_1483                  |   1|   0|    1|          0|
    |sel_tmp9_reg_1766                  |   1|   0|    1|          0|
    |tmp1_reg_1703                      |  16|   0|   16|          0|
    |tmp3_reg_1736                      |  16|   0|   16|          0|
    |tmp4_reg_1656                      |  16|   0|   16|          0|
    |tmp6_reg_1776                      |  16|   0|   16|          0|
    |tmp_10_reg_1627                    |   8|   0|    8|          0|
    |tmp_11_reg_1661                    |   8|   0|    8|          0|
    |tmp_12_reg_1669                    |   8|   0|    8|          0|
    |tmp_14_reg_1747                    |   8|   0|    8|          0|
    |tmp_15_reg_1714                    |   8|   0|    8|          0|
    |tmp_16_reg_1722                    |   8|   0|    8|          0|
    |tmp_17_reg_1787                    |   8|   0|    8|          0|
    |tmp_2_reg_1687                     |   1|   0|    1|          0|
    |tmp_3_reg_1507                     |   1|   0|    1|          0|
    |tmp_3_reg_1507_pp0_iter1_reg       |   1|   0|    1|          0|
    |tmp_4_i_reg_1806                   |  13|   0|   13|          0|
    |tmp_6_i_reg_1811                   |  15|   0|   15|          0|
    |tmp_6_reg_1801                     |   1|   0|    1|          0|
    |tmp_9_reg_1619                     |   8|   0|    8|          0|
    |tmp_dest_V_1_reg_572               |   6|   0|    6|          0|
    |tmp_dest_V_reg_1535                |   6|   0|    6|          0|
    |tmp_dest_V_reg_1535_pp0_iter1_reg  |   6|   0|    6|          0|
    |tmp_i_reg_1492                     |  32|   0|   64|         32|
    |tmp_id_V_1_reg_585                 |   5|   0|    5|          0|
    |tmp_id_V_reg_1529                  |   5|   0|    5|          0|
    |tmp_id_V_reg_1529_pp0_iter1_reg    |   5|   0|    5|          0|
    |tmp_keep_V_1_reg_624               |   1|   0|    1|          0|
    |tmp_keep_V_reg_1511                |   1|   0|    1|          0|
    |tmp_keep_V_reg_1511_pp0_iter1_reg  |   1|   0|    1|          0|
    |tmp_strb_V_1_reg_611               |   1|   0|    1|          0|
    |tmp_strb_V_reg_1517                |   1|   0|    1|          0|
    |tmp_strb_V_reg_1517_pp0_iter1_reg  |   1|   0|    1|          0|
    |tmp_user_V_1_reg_598               |   2|   0|    2|          0|
    |tmp_user_V_reg_1523                |   2|   0|    2|          0|
    |tmp_user_V_reg_1523_pp0_iter1_reg  |   2|   0|    2|          0|
    |valInWindow_0_maxVal_2_reg_1730    |   8|   0|    8|          0|
    |valInWindow_0_maxVal_3_reg_1755    |   8|   0|    8|          0|
    |valInWindow_0_maxVal_6_reg_1795    |   8|   0|    8|          0|
    |valInWindow_0_minVal_2_reg_1708    |   8|   0|    8|          0|
    |valInWindow_0_minVal_3_reg_1741    |   8|   0|    8|          0|
    |valInWindow_0_minVal_6_reg_1781    |   8|   0|    8|          0|
    |window_val_0_0_reg_1579            |  16|   0|   16|          0|
    |window_val_0_1_reg_1584            |  16|   0|   16|          0|
    |window_val_0_2_reg_1635            |  16|   0|   16|          0|
    |window_val_1_0_reg_1640            |  16|   0|   16|          0|
    +-----------------------------------+----+----+-----+-----------+
    |Total                              | 762|   0|  794|         32|
    +-----------------------------------+----+----+-----+-----------+



================================================================
== Interface
================================================================
* Summary: 
+---------------------------+-----+-----+------------+--------------------+--------------+
|         RTL Ports         | Dir | Bits|  Protocol  |    Source Object   |    C Type    |
+---------------------------+-----+-----+------------+--------------------+--------------+
|ap_clk                     |  in |    1| ap_ctrl_hs |    processImage    | return value |
|ap_rst                     |  in |    1| ap_ctrl_hs |    processImage    | return value |
|ap_start                   |  in |    1| ap_ctrl_hs |    processImage    | return value |
|ap_done                    | out |    1| ap_ctrl_hs |    processImage    | return value |
|ap_idle                    | out |    1| ap_ctrl_hs |    processImage    | return value |
|ap_ready                   | out |    1| ap_ctrl_hs |    processImage    | return value |
|inStream_V_data_V_dout     |  in |    8|   ap_fifo  |  inStream_V_data_V |    pointer   |
|inStream_V_data_V_empty_n  |  in |    1|   ap_fifo  |  inStream_V_data_V |    pointer   |
|inStream_V_data_V_read     | out |    1|   ap_fifo  |  inStream_V_data_V |    pointer   |
|inStream_V_keep_V_dout     |  in |    1|   ap_fifo  |  inStream_V_keep_V |    pointer   |
|inStream_V_keep_V_empty_n  |  in |    1|   ap_fifo  |  inStream_V_keep_V |    pointer   |
|inStream_V_keep_V_read     | out |    1|   ap_fifo  |  inStream_V_keep_V |    pointer   |
|inStream_V_strb_V_dout     |  in |    1|   ap_fifo  |  inStream_V_strb_V |    pointer   |
|inStream_V_strb_V_empty_n  |  in |    1|   ap_fifo  |  inStream_V_strb_V |    pointer   |
|inStream_V_strb_V_read     | out |    1|   ap_fifo  |  inStream_V_strb_V |    pointer   |
|inStream_V_user_V_dout     |  in |    2|   ap_fifo  |  inStream_V_user_V |    pointer   |
|inStream_V_user_V_empty_n  |  in |    1|   ap_fifo  |  inStream_V_user_V |    pointer   |
|inStream_V_user_V_read     | out |    1|   ap_fifo  |  inStream_V_user_V |    pointer   |
|inStream_V_last_V_dout     |  in |    1|   ap_fifo  |  inStream_V_last_V |    pointer   |
|inStream_V_last_V_empty_n  |  in |    1|   ap_fifo  |  inStream_V_last_V |    pointer   |
|inStream_V_last_V_read     | out |    1|   ap_fifo  |  inStream_V_last_V |    pointer   |
|inStream_V_id_V_dout       |  in |    5|   ap_fifo  |   inStream_V_id_V  |    pointer   |
|inStream_V_id_V_empty_n    |  in |    1|   ap_fifo  |   inStream_V_id_V  |    pointer   |
|inStream_V_id_V_read       | out |    1|   ap_fifo  |   inStream_V_id_V  |    pointer   |
|inStream_V_dest_V_dout     |  in |    6|   ap_fifo  |  inStream_V_dest_V |    pointer   |
|inStream_V_dest_V_empty_n  |  in |    1|   ap_fifo  |  inStream_V_dest_V |    pointer   |
|inStream_V_dest_V_read     | out |    1|   ap_fifo  |  inStream_V_dest_V |    pointer   |
|outStream_V_data_V_din     | out |    8|   ap_fifo  | outStream_V_data_V |    pointer   |
|outStream_V_data_V_full_n  |  in |    1|   ap_fifo  | outStream_V_data_V |    pointer   |
|outStream_V_data_V_write   | out |    1|   ap_fifo  | outStream_V_data_V |    pointer   |
|outStream_V_keep_V_din     | out |    1|   ap_fifo  | outStream_V_keep_V |    pointer   |
|outStream_V_keep_V_full_n  |  in |    1|   ap_fifo  | outStream_V_keep_V |    pointer   |
|outStream_V_keep_V_write   | out |    1|   ap_fifo  | outStream_V_keep_V |    pointer   |
|outStream_V_strb_V_din     | out |    1|   ap_fifo  | outStream_V_strb_V |    pointer   |
|outStream_V_strb_V_full_n  |  in |    1|   ap_fifo  | outStream_V_strb_V |    pointer   |
|outStream_V_strb_V_write   | out |    1|   ap_fifo  | outStream_V_strb_V |    pointer   |
|outStream_V_user_V_din     | out |    2|   ap_fifo  | outStream_V_user_V |    pointer   |
|outStream_V_user_V_full_n  |  in |    1|   ap_fifo  | outStream_V_user_V |    pointer   |
|outStream_V_user_V_write   | out |    1|   ap_fifo  | outStream_V_user_V |    pointer   |
|outStream_V_last_V_din     | out |    1|   ap_fifo  | outStream_V_last_V |    pointer   |
|outStream_V_last_V_full_n  |  in |    1|   ap_fifo  | outStream_V_last_V |    pointer   |
|outStream_V_last_V_write   | out |    1|   ap_fifo  | outStream_V_last_V |    pointer   |
|outStream_V_id_V_din       | out |    5|   ap_fifo  |  outStream_V_id_V  |    pointer   |
|outStream_V_id_V_full_n    |  in |    1|   ap_fifo  |  outStream_V_id_V  |    pointer   |
|outStream_V_id_V_write     | out |    1|   ap_fifo  |  outStream_V_id_V  |    pointer   |
|outStream_V_dest_V_din     | out |    6|   ap_fifo  | outStream_V_dest_V |    pointer   |
|outStream_V_dest_V_full_n  |  in |    1|   ap_fifo  | outStream_V_dest_V |    pointer   |
|outStream_V_dest_V_write   | out |    1|   ap_fifo  | outStream_V_dest_V |    pointer   |
|kernel_address0            | out |    4|  ap_memory |       kernel       |     array    |
|kernel_ce0                 | out |    1|  ap_memory |       kernel       |     array    |
|kernel_q0                  |  in |    8|  ap_memory |       kernel       |     array    |
|kernel_address1            | out |    4|  ap_memory |       kernel       |     array    |
|kernel_ce1                 | out |    1|  ap_memory |       kernel       |     array    |
|kernel_q1                  |  in |    8|  ap_memory |       kernel       |     array    |
|operation                  |  in |   32|   ap_none  |      operation     |    scalar    |
+---------------------------+-----+-----+------------+--------------------+--------------+

